{"/home/travis/build/npmtest/node-npmtest-limdu/test.js":{"path":"/home/travis/build/npmtest/node-npmtest-limdu/test.js","s":{"1":2,"2":2,"3":2,"4":2,"5":2,"6":2,"7":2,"8":1,"9":2,"10":2,"11":1,"12":1,"13":1,"14":1,"15":2,"16":2,"17":2,"18":2,"19":1,"20":1,"21":2,"22":2,"23":2,"24":1,"25":1,"26":1,"27":1,"28":1,"29":1,"30":1,"31":1,"32":1,"33":1,"34":1,"35":1,"36":1,"37":1,"38":1,"39":2,"40":2,"41":1,"42":2,"43":2,"44":1,"45":2,"46":2,"47":1,"48":2,"49":2,"50":1,"51":1,"52":1,"53":1,"54":1},"b":{"1":[2,1,1,1],"2":[1,1,1,1],"3":[1,1],"4":[1,1],"5":[1,1],"6":[1,1],"7":[1,1],"8":[1,1],"9":[1,1],"10":[1,1,1],"11":[1,1],"12":[1,1],"13":[1,1],"14":[1,1],"15":[1,1],"16":[1,1],"17":[1,1]},"f":{"1":2,"2":2,"3":2,"4":2,"5":2,"6":1,"7":1,"8":1,"9":2,"10":2,"11":2,"12":2,"13":1},"fnMap":{"1":{"name":"(anonymous_1)","line":12,"loc":{"start":{"line":12,"column":1},"end":{"line":12,"column":13}}},"2":{"name":"(anonymous_2)","line":19,"loc":{"start":{"line":19,"column":5},"end":{"line":19,"column":17}}},"3":{"name":"(anonymous_3)","line":23,"loc":{"start":{"line":23,"column":24},"end":{"line":23,"column":36}}},"4":{"name":"(anonymous_4)","line":61,"loc":{"start":{"line":61,"column":5},"end":{"line":61,"column":17}}},"5":{"name":"(anonymous_5)","line":82,"loc":{"start":{"line":82,"column":5},"end":{"line":82,"column":17}}},"6":{"name":"(anonymous_6)","line":91,"loc":{"start":{"line":91,"column":77},"end":{"line":94,"column":10}}},"7":{"name":"(anonymous_7)","line":112,"loc":{"start":{"line":112,"column":83},"end":{"line":115,"column":10}},"skip":true},"8":{"name":"(anonymous_8)","line":123,"loc":{"start":{"line":123,"column":77},"end":{"line":126,"column":10}},"skip":true},"9":{"name":"(anonymous_9)","line":139,"loc":{"start":{"line":139,"column":12},"end":{"line":139,"column":40}},"skip":true},"10":{"name":"(anonymous_10)","line":147,"loc":{"start":{"line":147,"column":77},"end":{"line":150,"column":10}},"skip":true},"11":{"name":"(anonymous_11)","line":158,"loc":{"start":{"line":158,"column":83},"end":{"line":161,"column":10}},"skip":true},"12":{"name":"(anonymous_12)","line":169,"loc":{"start":{"line":169,"column":79},"end":{"line":172,"column":10}},"skip":true},"13":{"name":"(anonymous_13)","line":180,"loc":{"start":{"line":180,"column":75},"end":{"line":183,"column":10}},"skip":true}},"statementMap":{"1":{"start":{"line":12,"column":0},"end":{"line":195,"column":5}},"2":{"start":{"line":14,"column":4},"end":{"line":14,"column":14}},"3":{"start":{"line":19,"column":4},"end":{"line":56,"column":9}},"4":{"start":{"line":21,"column":8},"end":{"line":21,"column":19}},"5":{"start":{"line":23,"column":8},"end":{"line":35,"column":13}},"6":{"start":{"line":24,"column":12},"end":{"line":34,"column":13}},"7":{"start":{"line":25,"column":16},"end":{"line":28,"column":30}},"8":{"start":{"line":30,"column":16},"end":{"line":33,"column":27}},"9":{"start":{"line":37,"column":8},"end":{"line":39,"column":21}},"10":{"start":{"line":40,"column":8},"end":{"line":53,"column":9}},"11":{"start":{"line":43,"column":12},"end":{"line":46,"column":14}},"12":{"start":{"line":47,"column":12},"end":{"line":47,"column":18}},"13":{"start":{"line":50,"column":12},"end":{"line":51,"column":46}},"14":{"start":{"line":52,"column":12},"end":{"line":52,"column":18}},"15":{"start":{"line":55,"column":8},"end":{"line":55,"column":35}},"16":{"start":{"line":61,"column":4},"end":{"line":63,"column":9}},"17":{"start":{"line":62,"column":8},"end":{"line":62,"column":15}},"18":{"start":{"line":64,"column":4},"end":{"line":77,"column":5}},"19":{"start":{"line":70,"column":8},"end":{"line":70,"column":14}},"20":{"start":{"line":76,"column":8},"end":{"line":76,"column":14}},"21":{"start":{"line":82,"column":4},"end":{"line":84,"column":9}},"22":{"start":{"line":83,"column":8},"end":{"line":83,"column":15}},"23":{"start":{"line":85,"column":4},"end":{"line":194,"column":5}},"24":{"start":{"line":91,"column":8},"end":{"line":99,"column":10}},"25":{"start":{"line":98,"column":12},"end":{"line":98,"column":35}},"26":{"start":{"line":102,"column":8},"end":{"line":104,"column":63}},"27":{"start":{"line":105,"column":8},"end":{"line":105,"column":14}},"28":{"start":{"line":112,"column":8},"end":{"line":121,"column":10},"skip":true},"29":{"start":{"line":119,"column":12},"end":{"line":119,"column":55},"skip":true},"30":{"start":{"line":120,"column":12},"end":{"line":120,"column":48},"skip":true},"31":{"start":{"line":123,"column":8},"end":{"line":136,"column":10},"skip":true},"32":{"start":{"line":130,"column":12},"end":{"line":130,"column":76},"skip":true},"33":{"start":{"line":131,"column":12},"end":{"line":131,"column":73},"skip":true},"34":{"start":{"line":132,"column":12},"end":{"line":132,"column":74},"skip":true},"35":{"start":{"line":133,"column":12},"end":{"line":133,"column":79},"skip":true},"36":{"start":{"line":134,"column":12},"end":{"line":134,"column":25},"skip":true},"37":{"start":{"line":135,"column":12},"end":{"line":135,"column":45},"skip":true},"38":{"start":{"line":138,"column":8},"end":{"line":145,"column":14},"skip":true},"39":{"start":{"line":143,"column":16},"end":{"line":143,"column":29},"skip":true},"40":{"start":{"line":144,"column":16},"end":{"line":144,"column":55},"skip":true},"41":{"start":{"line":147,"column":8},"end":{"line":156,"column":10},"skip":true},"42":{"start":{"line":154,"column":12},"end":{"line":154,"column":25},"skip":true},"43":{"start":{"line":155,"column":12},"end":{"line":155,"column":45},"skip":true},"44":{"start":{"line":158,"column":8},"end":{"line":167,"column":10},"skip":true},"45":{"start":{"line":165,"column":12},"end":{"line":165,"column":25},"skip":true},"46":{"start":{"line":166,"column":12},"end":{"line":166,"column":48},"skip":true},"47":{"start":{"line":169,"column":8},"end":{"line":178,"column":10},"skip":true},"48":{"start":{"line":176,"column":12},"end":{"line":176,"column":25},"skip":true},"49":{"start":{"line":177,"column":12},"end":{"line":177,"column":46},"skip":true},"50":{"start":{"line":180,"column":8},"end":{"line":189,"column":10},"skip":true},"51":{"start":{"line":187,"column":12},"end":{"line":187,"column":94},"skip":true},"52":{"start":{"line":188,"column":12},"end":{"line":188,"column":48},"skip":true},"53":{"start":{"line":192,"column":8},"end":{"line":192,"column":35},"skip":true},"54":{"start":{"line":193,"column":8},"end":{"line":193,"column":14},"skip":true}},"branchMap":{"1":{"line":25,"type":"binary-expr","locations":[{"start":{"line":25,"column":23},"end":{"line":25,"column":62}},{"start":{"line":26,"column":20},"end":{"line":26,"column":70}},{"start":{"line":27,"column":20},"end":{"line":27,"column":71}},{"start":{"line":28,"column":20},"end":{"line":28,"column":29}}]},"2":{"line":30,"type":"binary-expr","locations":[{"start":{"line":30,"column":23},"end":{"line":30,"column":37}},{"start":{"line":31,"column":20},"end":{"line":31,"column":61}},{"start":{"line":32,"column":20},"end":{"line":32,"column":70}},{"start":{"line":33,"column":20},"end":{"line":33,"column":26}}]},"3":{"line":37,"type":"cond-expr","locations":[{"start":{"line":38,"column":14},"end":{"line":38,"column":20}},{"start":{"line":39,"column":14},"end":{"line":39,"column":20}}]},"4":{"line":40,"type":"switch","locations":[{"start":{"line":42,"column":8},"end":{"line":47,"column":18}},{"start":{"line":49,"column":8},"end":{"line":52,"column":18}}]},"5":{"line":44,"type":"binary-expr","locations":[{"start":{"line":44,"column":16},"end":{"line":44,"column":44}},{"start":{"line":44,"column":48},"end":{"line":44,"column":66}}]},"6":{"line":50,"type":"binary-expr","locations":[{"start":{"line":50,"column":21},"end":{"line":50,"column":49}},{"start":{"line":50,"column":53},"end":{"line":50,"column":72}}]},"7":{"line":64,"type":"switch","locations":[{"start":{"line":69,"column":4},"end":{"line":70,"column":14}},{"start":{"line":75,"column":4},"end":{"line":76,"column":14}}]},"8":{"line":85,"type":"switch","locations":[{"start":{"line":90,"column":4},"end":{"line":105,"column":14}},{"start":{"line":111,"column":4},"end":{"line":193,"column":14},"skip":true}]},"9":{"line":91,"type":"binary-expr","locations":[{"start":{"line":91,"column":42},"end":{"line":91,"column":73}},{"start":{"line":91,"column":77},"end":{"line":99,"column":9}}]},"10":{"line":102,"type":"binary-expr","locations":[{"start":{"line":102,"column":18},"end":{"line":102,"column":32}},{"start":{"line":103,"column":12},"end":{"line":103,"column":53}},{"start":{"line":104,"column":12},"end":{"line":104,"column":61}}]},"11":{"line":112,"type":"binary-expr","locations":[{"start":{"line":112,"column":45},"end":{"line":112,"column":79},"skip":true},{"start":{"line":112,"column":83},"end":{"line":121,"column":9},"skip":true}]},"12":{"line":123,"type":"binary-expr","locations":[{"start":{"line":123,"column":42},"end":{"line":123,"column":73},"skip":true},{"start":{"line":123,"column":77},"end":{"line":136,"column":9},"skip":true}]},"13":{"line":138,"type":"binary-expr","locations":[{"start":{"line":138,"column":48},"end":{"line":138,"column":85},"skip":true},{"start":{"line":139,"column":12},"end":{"line":145,"column":13},"skip":true}]},"14":{"line":147,"type":"binary-expr","locations":[{"start":{"line":147,"column":42},"end":{"line":147,"column":73},"skip":true},{"start":{"line":147,"column":77},"end":{"line":156,"column":9},"skip":true}]},"15":{"line":158,"type":"binary-expr","locations":[{"start":{"line":158,"column":45},"end":{"line":158,"column":79},"skip":true},{"start":{"line":158,"column":83},"end":{"line":167,"column":9},"skip":true}]},"16":{"line":169,"type":"binary-expr","locations":[{"start":{"line":169,"column":43},"end":{"line":169,"column":75},"skip":true},{"start":{"line":169,"column":79},"end":{"line":178,"column":9},"skip":true}]},"17":{"line":180,"type":"binary-expr","locations":[{"start":{"line":180,"column":41},"end":{"line":180,"column":71},"skip":true},{"start":{"line":180,"column":75},"end":{"line":189,"column":9},"skip":true}]}},"code":["/* istanbul instrument in package npmtest_limdu */","/*jslint","    bitwise: true,","    browser: true,","    maxerr: 8,","    maxlen: 96,","    node: true,","    nomen: true,","    regexp: true,","    stupid: true","*/","(function () {","    'use strict';","    var local;","","","","    // run shared js-env code - pre-init","    (function () {","        // init local","        local = {};","        // init modeJs","        local.modeJs = (function () {","            try {","                return typeof navigator.userAgent === 'string' &&","                    typeof document.querySelector('body') === 'object' &&","                    typeof XMLHttpRequest.prototype.open === 'function' &&","                    'browser';","            } catch (errorCaughtBrowser) {","                return module.exports &&","                    typeof process.versions.node === 'string' &&","                    typeof require('http').createServer === 'function' &&","                    'node';","            }","        }());","        // init global","        local.global = local.modeJs === 'browser'","            ? window","            : global;","        switch (local.modeJs) {","        // re-init local from window.local","        case 'browser':","            local = local.global.utility2.objectSetDefault(","                local.global.utility2_rollup || local.global.local,","                local.global.utility2","            );","            break;","        // re-init local from example.js","        case 'node':","            local = (local.global.utility2_rollup || require('utility2'))","                .requireExampleJsFromReadme();","            break;","        }","        // export local","        local.global.local = local;","    }());","","","","    // run shared js-env code - function","    (function () {","        return;","    }());","    switch (local.modeJs) {","","","","    // run browser js-env code - function","    case 'browser':","        break;","","","","    // run node js-env code - function","    case 'node':","        break;","    }","","","","    // run shared js-env code - post-init","    (function () {","        return;","    }());","    switch (local.modeJs) {","","","","    // run browser js-env code - post-init","    case 'browser':","        local.testCase_browser_nullCase = local.testCase_browser_nullCase || function (","            options,","            onError","        ) {","        /*","         * this function will test browsers's null-case handling-behavior-behavior","         */","            onError(null, options);","        };","","        // run tests","        local.nop(local.modeTest &&","            document.querySelector('#testRunButton1') &&","            document.querySelector('#testRunButton1').click());","        break;","","","","    // run node js-env code - post-init","    /* istanbul ignore next */","    case 'node':","        local.testCase_buildApidoc_default = local.testCase_buildApidoc_default || function (","            options,","            onError","        ) {","        /*","         * this function will test buildApidoc's default handling-behavior-behavior","         */","            options = { modulePathList: module.paths };","            local.buildApidoc(options, onError);","        };","","        local.testCase_buildApp_default = local.testCase_buildApp_default || function (","            options,","            onError","        ) {","        /*","         * this function will test buildApp's default handling-behavior-behavior","         */","            local.testCase_buildReadme_default(options, local.onErrorThrow);","            local.testCase_buildLib_default(options, local.onErrorThrow);","            local.testCase_buildTest_default(options, local.onErrorThrow);","            local.testCase_buildCustomOrg_default(options, local.onErrorThrow);","            options = [];","            local.buildApp(options, onError);","        };","","        local.testCase_buildCustomOrg_default = local.testCase_buildCustomOrg_default ||","            function (options, onError) {","            /*","             * this function will test buildCustomOrg's default handling-behavior","             */","                options = {};","                local.buildCustomOrg(options, onError);","            };","","        local.testCase_buildLib_default = local.testCase_buildLib_default || function (","            options,","            onError","        ) {","        /*","         * this function will test buildLib's default handling-behavior","         */","            options = {};","            local.buildLib(options, onError);","        };","","        local.testCase_buildReadme_default = local.testCase_buildReadme_default || function (","            options,","            onError","        ) {","        /*","         * this function will test buildReadme's default handling-behavior-behavior","         */","            options = {};","            local.buildReadme(options, onError);","        };","","        local.testCase_buildTest_default = local.testCase_buildTest_default || function (","            options,","            onError","        ) {","        /*","         * this function will test buildTest's default handling-behavior","         */","            options = {};","            local.buildTest(options, onError);","        };","","        local.testCase_webpage_default = local.testCase_webpage_default || function (","            options,","            onError","        ) {","        /*","         * this function will test webpage's default handling-behavior","         */","            options = { modeCoverageMerge: true, url: local.serverLocalHost + '?modeTest=1' };","            local.browserTest(options, onError);","        };","","        // run test-server","        local.testRunServer(local);","        break;","    }","}());",""],"l":{"12":2,"14":2,"19":2,"21":2,"23":2,"24":2,"25":2,"30":1,"37":2,"40":2,"43":1,"47":1,"50":1,"52":1,"55":2,"61":2,"62":2,"64":2,"70":1,"76":1,"82":2,"83":2,"85":2,"91":1,"98":1,"102":1,"105":1,"112":1,"119":1,"120":1,"123":1,"130":1,"131":1,"132":1,"133":1,"134":1,"135":1,"138":1,"143":2,"144":2,"147":1,"154":2,"155":2,"158":1,"165":2,"166":2,"169":1,"176":2,"177":2,"180":1,"187":1,"188":1,"192":1,"193":1}},"/home/travis/build/npmtest/node-npmtest-limdu/lib.npmtest_limdu.js":{"path":"/home/travis/build/npmtest/node-npmtest-limdu/lib.npmtest_limdu.js","s":{"1":2,"2":2,"3":2,"4":2,"5":2,"6":2,"7":2,"8":1,"9":2,"10":2,"11":2,"12":2,"13":1,"14":1,"15":1,"16":1},"b":{"1":[2,1,1,1],"2":[1,1,1,1],"3":[1,1],"4":[2,2],"5":[1,1]},"f":{"1":2,"2":2,"3":2},"fnMap":{"1":{"name":"(anonymous_1)","line":12,"loc":{"start":{"line":12,"column":1},"end":{"line":12,"column":13}}},"2":{"name":"(anonymous_2)","line":19,"loc":{"start":{"line":19,"column":5},"end":{"line":19,"column":17}}},"3":{"name":"(anonymous_3)","line":23,"loc":{"start":{"line":23,"column":24},"end":{"line":23,"column":36}}}},"statementMap":{"1":{"start":{"line":12,"column":0},"end":{"line":53,"column":5}},"2":{"start":{"line":14,"column":4},"end":{"line":14,"column":14}},"3":{"start":{"line":19,"column":4},"end":{"line":52,"column":9}},"4":{"start":{"line":21,"column":8},"end":{"line":21,"column":19}},"5":{"start":{"line":23,"column":8},"end":{"line":35,"column":13}},"6":{"start":{"line":24,"column":12},"end":{"line":34,"column":13}},"7":{"start":{"line":25,"column":16},"end":{"line":28,"column":30}},"8":{"start":{"line":30,"column":16},"end":{"line":33,"column":27}},"9":{"start":{"line":37,"column":8},"end":{"line":39,"column":21}},"10":{"start":{"line":41,"column":8},"end":{"line":41,"column":54}},"11":{"start":{"line":43,"column":8},"end":{"line":43,"column":50}},"12":{"start":{"line":45,"column":8},"end":{"line":51,"column":9}},"13":{"start":{"line":46,"column":12},"end":{"line":46,"column":56}},"14":{"start":{"line":48,"column":12},"end":{"line":48,"column":35}},"15":{"start":{"line":49,"column":12},"end":{"line":49,"column":49}},"16":{"start":{"line":50,"column":12},"end":{"line":50,"column":43}}},"branchMap":{"1":{"line":25,"type":"binary-expr","locations":[{"start":{"line":25,"column":23},"end":{"line":25,"column":62}},{"start":{"line":26,"column":20},"end":{"line":26,"column":70}},{"start":{"line":27,"column":20},"end":{"line":27,"column":71}},{"start":{"line":28,"column":20},"end":{"line":28,"column":29}}]},"2":{"line":30,"type":"binary-expr","locations":[{"start":{"line":30,"column":23},"end":{"line":30,"column":37}},{"start":{"line":31,"column":20},"end":{"line":31,"column":61}},{"start":{"line":32,"column":20},"end":{"line":32,"column":70}},{"start":{"line":33,"column":20},"end":{"line":33,"column":26}}]},"3":{"line":37,"type":"cond-expr","locations":[{"start":{"line":38,"column":14},"end":{"line":38,"column":20}},{"start":{"line":39,"column":14},"end":{"line":39,"column":20}}]},"4":{"line":41,"type":"binary-expr","locations":[{"start":{"line":41,"column":16},"end":{"line":41,"column":44}},{"start":{"line":41,"column":48},"end":{"line":41,"column":53}}]},"5":{"line":45,"type":"if","locations":[{"start":{"line":45,"column":8},"end":{"line":45,"column":8}},{"start":{"line":45,"column":8},"end":{"line":45,"column":8}}]}},"code":["/* istanbul instrument in package npmtest_limdu */","/*jslint","    bitwise: true,","    browser: true,","    maxerr: 8,","    maxlen: 96,","    node: true,","    nomen: true,","    regexp: true,","    stupid: true","*/","(function () {","    'use strict';","    var local;","","","","    // run shared js-env code - pre-init","    (function () {","        // init local","        local = {};","        // init modeJs","        local.modeJs = (function () {","            try {","                return typeof navigator.userAgent === 'string' &&","                    typeof document.querySelector('body') === 'object' &&","                    typeof XMLHttpRequest.prototype.open === 'function' &&","                    'browser';","            } catch (errorCaughtBrowser) {","                return module.exports &&","                    typeof process.versions.node === 'string' &&","                    typeof require('http').createServer === 'function' &&","                    'node';","            }","        }());","        // init global","        local.global = local.modeJs === 'browser'","            ? window","            : global;","        // init utility2_rollup","        local = local.global.utility2_rollup || local;","        // init lib","        local.local = local.npmtest_limdu = local;","        // init exports","        if (local.modeJs === 'browser') {","            local.global.utility2_npmtest_limdu = local;","        } else {","            module.exports = local;","            module.exports.__dirname = __dirname;","            module.exports.module = module;","        }","    }());","}());",""],"l":{"12":2,"14":2,"19":2,"21":2,"23":2,"24":2,"25":2,"30":1,"37":2,"41":2,"43":2,"45":2,"46":1,"48":1,"49":1,"50":1}},"/home/travis/build/npmtest/node-npmtest-limdu/example.js":{"path":"/home/travis/build/npmtest/node-npmtest-limdu/example.js","s":{"1":2,"2":2,"3":2,"4":2,"5":2,"6":2,"7":2,"8":1,"9":2,"10":2,"11":2,"12":2,"13":1,"14":2,"15":2,"16":2,"17":2,"18":2,"19":0,"20":2,"21":1,"22":1,"23":1,"24":1,"25":1,"26":0,"27":0,"28":1,"29":1,"30":2,"31":0,"32":0,"33":0,"34":1,"35":2,"36":2,"37":3,"38":3,"39":3,"40":3,"41":0,"42":3,"43":3,"44":3,"45":1,"46":3,"47":1,"48":1,"49":1,"50":1,"51":1,"52":1,"53":1,"54":1,"55":1,"56":1,"57":0,"58":1,"59":6,"60":6,"61":1,"62":2,"63":0,"64":2,"65":1,"66":1,"67":0,"68":0,"69":0,"70":0,"71":0,"72":0,"73":0,"74":0,"75":0,"76":0,"77":0,"78":0,"79":0,"80":0,"81":0,"82":0,"83":0},"b":{"1":[2,1,1,1],"2":[1,1,1,1],"3":[1,1],"4":[2,2],"5":[1,1],"6":[1,1],"7":[2,0],"8":[2,1,1,1,1,1],"9":[0,2,0],"10":[1,1],"11":[2,1,1],"12":[1,0],"13":[0,2],"14":[2,0,0,0,0,0,0],"15":[0,3],"16":[3,0],"17":[1,1],"18":[0,1],"19":[1,2,0,2],"20":[1,0],"21":[1,1],"22":[0,0],"23":[0,0],"24":[0,0],"25":[0,0],"26":[0,0],"27":[0,0],"28":[0,0]},"f":{"1":2,"2":2,"3":2,"4":2,"5":2,"6":2,"7":3,"8":3,"9":3,"10":1,"11":6,"12":0},"fnMap":{"1":{"name":"(anonymous_1)","line":26,"loc":{"start":{"line":26,"column":1},"end":{"line":26,"column":13}}},"2":{"name":"(anonymous_2)","line":33,"loc":{"start":{"line":33,"column":5},"end":{"line":33,"column":17}}},"3":{"name":"(anonymous_3)","line":37,"loc":{"start":{"line":37,"column":24},"end":{"line":37,"column":36}}},"4":{"name":"(anonymous_4)","line":69,"loc":{"start":{"line":69,"column":31},"end":{"line":69,"column":48}},"skip":true},"5":{"name":"(anonymous_5)","line":78,"loc":{"start":{"line":78,"column":26},"end":{"line":78,"column":45}},"skip":true},"6":{"name":"(anonymous_6)","line":123,"loc":{"start":{"line":123,"column":33},"end":{"line":123,"column":48}},"skip":true},"7":{"name":"(anonymous_7)","line":125,"loc":{"start":{"line":125,"column":27},"end":{"line":125,"column":39}},"skip":true},"8":{"name":"(anonymous_8)","line":133,"loc":{"start":{"line":133,"column":59},"end":{"line":133,"column":74}},"skip":true},"9":{"name":"(anonymous_9)","line":143,"loc":{"start":{"line":143,"column":45},"end":{"line":143,"column":62}},"skip":true},"10":{"name":"(anonymous_10)","line":144,"loc":{"start":{"line":144,"column":73},"end":{"line":144,"column":92}},"skip":true},"11":{"name":"(anonymous_11)","line":272,"loc":{"start":{"line":272,"column":51},"end":{"line":272,"column":77}},"skip":true},"12":{"name":"(anonymous_12)","line":315,"loc":{"start":{"line":315,"column":32},"end":{"line":315,"column":61}},"skip":true}},"statementMap":{"1":{"start":{"line":26,"column":0},"end":{"line":326,"column":5}},"2":{"start":{"line":28,"column":4},"end":{"line":28,"column":14}},"3":{"start":{"line":33,"column":4},"end":{"line":60,"column":9}},"4":{"start":{"line":35,"column":8},"end":{"line":35,"column":19}},"5":{"start":{"line":37,"column":8},"end":{"line":49,"column":13}},"6":{"start":{"line":38,"column":12},"end":{"line":48,"column":13}},"7":{"start":{"line":39,"column":16},"end":{"line":42,"column":30}},"8":{"start":{"line":44,"column":16},"end":{"line":47,"column":27}},"9":{"start":{"line":51,"column":8},"end":{"line":53,"column":21}},"10":{"start":{"line":55,"column":8},"end":{"line":57,"column":45}},"11":{"start":{"line":59,"column":8},"end":{"line":59,"column":35}},"12":{"start":{"line":61,"column":4},"end":{"line":325,"column":5}},"13":{"start":{"line":69,"column":8},"end":{"line":121,"column":10},"skip":true},"14":{"start":{"line":70,"column":12},"end":{"line":88,"column":13},"skip":true},"15":{"start":{"line":76,"column":16},"end":{"line":87,"column":19},"skip":true},"16":{"start":{"line":79,"column":20},"end":{"line":86,"column":21},"skip":true},"17":{"start":{"line":82,"column":24},"end":{"line":82,"column":43},"skip":true},"18":{"start":{"line":83,"column":24},"end":{"line":83,"column":30},"skip":true},"19":{"start":{"line":85,"column":24},"end":{"line":85,"column":49},"skip":true},"20":{"start":{"line":89,"column":12},"end":{"line":107,"column":13},"skip":true},"21":{"start":{"line":92,"column":16},"end":{"line":102,"column":17},"skip":true},"22":{"start":{"line":93,"column":20},"end":{"line":93,"column":86},"skip":true},"23":{"start":{"line":94,"column":20},"end":{"line":95,"column":45},"skip":true},"24":{"start":{"line":96,"column":20},"end":{"line":96,"column":42},"skip":true},"25":{"start":{"line":97,"column":20},"end":{"line":97,"column":48},"skip":true},"26":{"start":{"line":100,"column":20},"end":{"line":100,"column":85},"skip":true},"27":{"start":{"line":101,"column":20},"end":{"line":101,"column":96},"skip":true},"28":{"start":{"line":103,"column":16},"end":{"line":103,"column":22},"skip":true},"29":{"start":{"line":106,"column":16},"end":{"line":106,"column":22},"skip":true},"30":{"start":{"line":108,"column":12},"end":{"line":120,"column":13},"skip":true},"31":{"start":{"line":114,"column":16},"end":{"line":119,"column":17},"skip":true},"32":{"start":{"line":116,"column":20},"end":{"line":116,"column":78},"skip":true},"33":{"start":{"line":118,"column":20},"end":{"line":118,"column":47},"skip":true},"34":{"start":{"line":123,"column":8},"end":{"line":141,"column":11},"skip":true},"35":{"start":{"line":124,"column":12},"end":{"line":124,"column":54},"skip":true},"36":{"start":{"line":125,"column":12},"end":{"line":140,"column":14},"skip":true},"37":{"start":{"line":126,"column":16},"end":{"line":126,"column":28},"skip":true},"38":{"start":{"line":127,"column":16},"end":{"line":127,"column":69},"skip":true},"39":{"start":{"line":128,"column":16},"end":{"line":128,"column":75},"skip":true},"40":{"start":{"line":129,"column":16},"end":{"line":131,"column":17},"skip":true},"41":{"start":{"line":130,"column":20},"end":{"line":130,"column":27},"skip":true},"42":{"start":{"line":133,"column":16},"end":{"line":137,"column":36},"skip":true},"43":{"start":{"line":134,"column":20},"end":{"line":136,"column":55},"skip":true},"44":{"start":{"line":139,"column":16},"end":{"line":139,"column":57},"skip":true},"45":{"start":{"line":143,"column":8},"end":{"line":147,"column":11},"skip":true},"46":{"start":{"line":144,"column":12},"end":{"line":146,"column":15},"skip":true},"47":{"start":{"line":145,"column":16},"end":{"line":145,"column":70},"skip":true},"48":{"start":{"line":149,"column":8},"end":{"line":149,"column":31},"skip":true},"49":{"start":{"line":150,"column":8},"end":{"line":150,"column":14},"skip":true},"50":{"start":{"line":158,"column":8},"end":{"line":158,"column":31},"skip":true},"51":{"start":{"line":160,"column":8},"end":{"line":160,"column":33},"skip":true},"52":{"start":{"line":161,"column":8},"end":{"line":161,"column":37},"skip":true},"53":{"start":{"line":162,"column":8},"end":{"line":162,"column":35},"skip":true},"54":{"start":{"line":164,"column":8},"end":{"line":164,"column":50},"skip":true},"55":{"start":{"line":166,"column":8},"end":{"line":256,"column":2},"skip":true},"56":{"start":{"line":258,"column":8},"end":{"line":286,"column":9},"skip":true},"57":{"start":{"line":259,"column":12},"end":{"line":269,"column":14},"skip":true},"58":{"start":{"line":271,"column":12},"end":{"line":285,"column":19},"skip":true},"59":{"start":{"line":274,"column":20},"end":{"line":274,"column":35},"skip":true},"60":{"start":{"line":275,"column":20},"end":{"line":284,"column":21},"skip":true},"61":{"start":{"line":277,"column":24},"end":{"line":277,"column":64},"skip":true},"62":{"start":{"line":279,"column":24},"end":{"line":279,"column":40},"skip":true},"63":{"start":{"line":281,"column":24},"end":{"line":281,"column":40},"skip":true},"64":{"start":{"line":283,"column":24},"end":{"line":283,"column":39},"skip":true},"65":{"start":{"line":288,"column":8},"end":{"line":290,"column":9},"skip":true},"66":{"start":{"line":289,"column":12},"end":{"line":289,"column":18},"skip":true},"67":{"start":{"line":291,"column":8},"end":{"line":293,"column":54},"skip":true},"68":{"start":{"line":296,"column":8},"end":{"line":301,"column":37},"skip":true},"69":{"start":{"line":303,"column":8},"end":{"line":303,"column":82},"skip":true},"70":{"start":{"line":306,"column":8},"end":{"line":308,"column":9},"skip":true},"71":{"start":{"line":307,"column":12},"end":{"line":307,"column":82},"skip":true},"72":{"start":{"line":310,"column":8},"end":{"line":312,"column":9},"skip":true},"73":{"start":{"line":311,"column":12},"end":{"line":311,"column":18},"skip":true},"74":{"start":{"line":313,"column":8},"end":{"line":313,"column":54},"skip":true},"75":{"start":{"line":314,"column":8},"end":{"line":314,"column":69},"skip":true},"76":{"start":{"line":315,"column":8},"end":{"line":323,"column":36},"skip":true},"77":{"start":{"line":316,"column":12},"end":{"line":316,"column":61},"skip":true},"78":{"start":{"line":317,"column":12},"end":{"line":320,"column":13},"skip":true},"79":{"start":{"line":318,"column":16},"end":{"line":318,"column":75},"skip":true},"80":{"start":{"line":319,"column":16},"end":{"line":319,"column":23},"skip":true},"81":{"start":{"line":321,"column":12},"end":{"line":321,"column":38},"skip":true},"82":{"start":{"line":322,"column":12},"end":{"line":322,"column":27},"skip":true},"83":{"start":{"line":324,"column":8},"end":{"line":324,"column":14},"skip":true}},"branchMap":{"1":{"line":39,"type":"binary-expr","locations":[{"start":{"line":39,"column":23},"end":{"line":39,"column":62}},{"start":{"line":40,"column":20},"end":{"line":40,"column":70}},{"start":{"line":41,"column":20},"end":{"line":41,"column":71}},{"start":{"line":42,"column":20},"end":{"line":42,"column":29}}]},"2":{"line":44,"type":"binary-expr","locations":[{"start":{"line":44,"column":23},"end":{"line":44,"column":37}},{"start":{"line":45,"column":20},"end":{"line":45,"column":61}},{"start":{"line":46,"column":20},"end":{"line":46,"column":70}},{"start":{"line":47,"column":20},"end":{"line":47,"column":26}}]},"3":{"line":51,"type":"cond-expr","locations":[{"start":{"line":52,"column":14},"end":{"line":52,"column":20}},{"start":{"line":53,"column":14},"end":{"line":53,"column":20}}]},"4":{"line":55,"type":"binary-expr","locations":[{"start":{"line":55,"column":16},"end":{"line":55,"column":44}},{"start":{"line":55,"column":49},"end":{"line":57,"column":43}}]},"5":{"line":55,"type":"cond-expr","locations":[{"start":{"line":56,"column":14},"end":{"line":56,"column":49}},{"start":{"line":57,"column":14},"end":{"line":57,"column":43}}]},"6":{"line":61,"type":"switch","locations":[{"start":{"line":68,"column":4},"end":{"line":150,"column":14},"skip":true},{"start":{"line":156,"column":4},"end":{"line":324,"column":14},"skip":true}]},"7":{"line":70,"type":"if","locations":[{"start":{"line":70,"column":12},"end":{"line":70,"column":12},"skip":true},{"start":{"line":70,"column":12},"end":{"line":70,"column":12},"skip":true}]},"8":{"line":70,"type":"binary-expr","locations":[{"start":{"line":70,"column":16},"end":{"line":70,"column":22},"skip":true},{"start":{"line":70,"column":27},"end":{"line":70,"column":32},"skip":true},{"start":{"line":71,"column":20},"end":{"line":71,"column":39},"skip":true},{"start":{"line":72,"column":20},"end":{"line":72,"column":49},"skip":true},{"start":{"line":73,"column":20},"end":{"line":73,"column":58},"skip":true},{"start":{"line":74,"column":20},"end":{"line":74,"column":69},"skip":true}]},"9":{"line":79,"type":"switch","locations":[{"start":{"line":80,"column":20},"end":{"line":80,"column":33},"skip":true},{"start":{"line":81,"column":20},"end":{"line":83,"column":30},"skip":true},{"start":{"line":84,"column":20},"end":{"line":85,"column":49},"skip":true}]},"10":{"line":89,"type":"switch","locations":[{"start":{"line":90,"column":12},"end":{"line":103,"column":22},"skip":true},{"start":{"line":105,"column":12},"end":{"line":106,"column":22},"skip":true}]},"11":{"line":89,"type":"binary-expr","locations":[{"start":{"line":89,"column":20},"end":{"line":89,"column":25},"skip":true},{"start":{"line":89,"column":29},"end":{"line":89,"column":48},"skip":true},{"start":{"line":89,"column":52},"end":{"line":89,"column":74},"skip":true}]},"12":{"line":92,"type":"if","locations":[{"start":{"line":92,"column":16},"end":{"line":92,"column":16},"skip":true},{"start":{"line":92,"column":16},"end":{"line":92,"column":16},"skip":true}]},"13":{"line":108,"type":"if","locations":[{"start":{"line":108,"column":12},"end":{"line":108,"column":12},"skip":true},{"start":{"line":108,"column":12},"end":{"line":108,"column":12},"skip":true}]},"14":{"line":108,"type":"binary-expr","locations":[{"start":{"line":108,"column":16},"end":{"line":108,"column":61},"skip":true},{"start":{"line":108,"column":66},"end":{"line":108,"column":72},"skip":true},{"start":{"line":108,"column":77},"end":{"line":108,"column":82},"skip":true},{"start":{"line":109,"column":20},"end":{"line":109,"column":39},"skip":true},{"start":{"line":110,"column":20},"end":{"line":110,"column":49},"skip":true},{"start":{"line":111,"column":20},"end":{"line":111,"column":58},"skip":true},{"start":{"line":112,"column":20},"end":{"line":112,"column":68},"skip":true}]},"15":{"line":129,"type":"if","locations":[{"start":{"line":129,"column":16},"end":{"line":129,"column":16},"skip":true},{"start":{"line":129,"column":16},"end":{"line":129,"column":16},"skip":true}]},"16":{"line":134,"type":"cond-expr","locations":[{"start":{"line":135,"column":26},"end":{"line":135,"column":29},"skip":true},{"start":{"line":136,"column":26},"end":{"line":136,"column":54},"skip":true}]},"17":{"line":164,"type":"binary-expr","locations":[{"start":{"line":164,"column":27},"end":{"line":164,"column":43},"skip":true},{"start":{"line":164,"column":47},"end":{"line":164,"column":49},"skip":true}]},"18":{"line":258,"type":"if","locations":[{"start":{"line":258,"column":8},"end":{"line":258,"column":8},"skip":true},{"start":{"line":258,"column":8},"end":{"line":258,"column":8},"skip":true}]},"19":{"line":275,"type":"switch","locations":[{"start":{"line":276,"column":20},"end":{"line":277,"column":64},"skip":true},{"start":{"line":278,"column":20},"end":{"line":279,"column":40},"skip":true},{"start":{"line":280,"column":20},"end":{"line":281,"column":40},"skip":true},{"start":{"line":282,"column":20},"end":{"line":283,"column":39},"skip":true}]},"20":{"line":288,"type":"if","locations":[{"start":{"line":288,"column":8},"end":{"line":288,"column":8},"skip":true},{"start":{"line":288,"column":8},"end":{"line":288,"column":8},"skip":true}]},"21":{"line":288,"type":"binary-expr","locations":[{"start":{"line":288,"column":12},"end":{"line":288,"column":40},"skip":true},{"start":{"line":288,"column":44},"end":{"line":288,"column":67},"skip":true}]},"22":{"line":292,"type":"binary-expr","locations":[{"start":{"line":292,"column":12},"end":{"line":292,"column":50},"skip":true},{"start":{"line":293,"column":12},"end":{"line":293,"column":53},"skip":true}]},"23":{"line":297,"type":"binary-expr","locations":[{"start":{"line":297,"column":12},"end":{"line":297,"column":63},"skip":true},{"start":{"line":298,"column":12},"end":{"line":301,"column":36},"skip":true}]},"24":{"line":303,"type":"binary-expr","locations":[{"start":{"line":303,"column":43},"end":{"line":303,"column":75},"skip":true},{"start":{"line":303,"column":79},"end":{"line":303,"column":81},"skip":true}]},"25":{"line":306,"type":"if","locations":[{"start":{"line":306,"column":8},"end":{"line":306,"column":8},"skip":true},{"start":{"line":306,"column":8},"end":{"line":306,"column":8},"skip":true}]},"26":{"line":310,"type":"if","locations":[{"start":{"line":310,"column":8},"end":{"line":310,"column":8},"skip":true},{"start":{"line":310,"column":8},"end":{"line":310,"column":8},"skip":true}]},"27":{"line":313,"type":"binary-expr","locations":[{"start":{"line":313,"column":27},"end":{"line":313,"column":43},"skip":true},{"start":{"line":313,"column":47},"end":{"line":313,"column":53},"skip":true}]},"28":{"line":317,"type":"if","locations":[{"start":{"line":317,"column":12},"end":{"line":317,"column":12},"skip":true},{"start":{"line":317,"column":12},"end":{"line":317,"column":12},"skip":true}]}},"code":["/*","example.js","","quickstart example","","instruction","    1. save this script as example.js","    2. run the shell command:","        $ npm install npmtest-limdu && PORT=8081 node example.js","    3. play with the browser-demo on http://127.0.0.1:8081","*/","","","","/* istanbul instrument in package npmtest_limdu */","/*jslint","    bitwise: true,","    browser: true,","    maxerr: 8,","    maxlen: 96,","    node: true,","    nomen: true,","    regexp: true,","    stupid: true","*/","(function () {","    'use strict';","    var local;","","","","    // run shared js-env code - pre-init","    (function () {","        // init local","        local = {};","        // init modeJs","        local.modeJs = (function () {","            try {","                return typeof navigator.userAgent === 'string' &&","                    typeof document.querySelector('body') === 'object' &&","                    typeof XMLHttpRequest.prototype.open === 'function' &&","                    'browser';","            } catch (errorCaughtBrowser) {","                return module.exports &&","                    typeof process.versions.node === 'string' &&","                    typeof require('http').createServer === 'function' &&","                    'node';","            }","        }());","        // init global","        local.global = local.modeJs === 'browser'","            ? window","            : global;","        // init utility2_rollup","        local = local.global.utility2_rollup || (local.modeJs === 'browser'","            ? local.global.utility2_npmtest_limdu","            : global.utility2_moduleExports);","        // export local","        local.global.local = local;","    }());","    switch (local.modeJs) {","","","","    // post-init","    // run browser js-env code - post-init","    /* istanbul ignore next */","    case 'browser':","        local.testRunBrowser = function (event) {","            if (!event || (event &&","                    event.currentTarget &&","                    event.currentTarget.className &&","                    event.currentTarget.className.includes &&","                    event.currentTarget.className.includes('onreset'))) {","                // reset output","                Array.from(","                    document.querySelectorAll('body > .resettable')","                ).forEach(function (element) {","                    switch (element.tagName) {","                    case 'INPUT':","                    case 'TEXTAREA':","                        element.value = '';","                        break;","                    default:","                        element.textContent = '';","                    }","                });","            }","            switch (event && event.currentTarget && event.currentTarget.id) {","            case 'testRunButton1':","                // show tests","                if (document.querySelector('#testReportDiv1').style.display === 'none') {","                    document.querySelector('#testReportDiv1').style.display = 'block';","                    document.querySelector('#testRunButton1').textContent =","                        'hide internal test';","                    local.modeTest = true;","                    local.testRunDefault(local);","                // hide tests","                } else {","                    document.querySelector('#testReportDiv1').style.display = 'none';","                    document.querySelector('#testRunButton1').textContent = 'run internal test';","                }","                break;","            // custom-case","            default:","                break;","            }","            if (document.querySelector('#inputTextareaEval1') && (!event || (event &&","                    event.currentTarget &&","                    event.currentTarget.className &&","                    event.currentTarget.className.includes &&","                    event.currentTarget.className.includes('oneval')))) {","                // try to eval input-code","                try {","                    /*jslint evil: true*/","                    eval(document.querySelector('#inputTextareaEval1').value);","                } catch (errorCaught) {","                    console.error(errorCaught);","                }","            }","        };","        // log stderr and stdout to #outputTextareaStdout1","        ['error', 'log'].forEach(function (key) {","            console[key + '_original'] = console[key];","            console[key] = function () {","                var element;","                console[key + '_original'].apply(console, arguments);","                element = document.querySelector('#outputTextareaStdout1');","                if (!element) {","                    return;","                }","                // append text to #outputTextareaStdout1","                element.value += Array.from(arguments).map(function (arg) {","                    return typeof arg === 'string'","                        ? arg","                        : JSON.stringify(arg, null, 4);","                }).join(' ') + '\\n';","                // scroll textarea to bottom","                element.scrollTop = element.scrollHeight;","            };","        });","        // init event-handling","        ['change', 'click', 'keyup'].forEach(function (event) {","            Array.from(document.querySelectorAll('.on' + event)).forEach(function (element) {","                element.addEventListener(event, local.testRunBrowser);","            });","        });","        // run tests","        local.testRunBrowser();","        break;","","","","    // run node js-env code - post-init","    /* istanbul ignore next */","    case 'node':","        // export local","        module.exports = local;","        // require modules","        local.fs = require('fs');","        local.http = require('http');","        local.url = require('url');","        // init assets","        local.assetsDict = local.assetsDict || {};","        /* jslint-ignore-begin */","        local.assetsDict['/assets.index.template.html'] = '\\","<!doctype html>\\n\\","<html lang=\"en\">\\n\\","<head>\\n\\","<meta charset=\"UTF-8\">\\n\\","<meta name=\"viewport\" content=\"width=device-width, initial-scale=1\">\\n\\","<title>{{env.npm_package_name}} (v{{env.npm_package_version}})</title>\\n\\","<style>\\n\\","/*csslint\\n\\","    box-sizing: false,\\n\\","    universal-selector: false\\n\\","*/\\n\\","* {\\n\\","    box-sizing: border-box;\\n\\","}\\n\\","body {\\n\\","    background: #dde;\\n\\","    font-family: Arial, Helvetica, sans-serif;\\n\\","    margin: 2rem;\\n\\","}\\n\\","body > * {\\n\\","    margin-bottom: 1rem;\\n\\","}\\n\\",".utility2FooterDiv {\\n\\","    margin-top: 20px;\\n\\","    text-align: center;\\n\\","}\\n\\","</style>\\n\\","<style>\\n\\","/*csslint\\n\\","*/\\n\\","textarea {\\n\\","    font-family: monospace;\\n\\","    height: 10rem;\\n\\","    width: 100%;\\n\\","}\\n\\","textarea[readonly] {\\n\\","    background: #ddd;\\n\\","}\\n\\","</style>\\n\\","</head>\\n\\","<body>\\n\\","<!-- utility2-comment\\n\\","<div id=\"ajaxProgressDiv1\" style=\"background: #d00; height: 2px; left: 0; margin: 0; padding: 0; position: fixed; top: 0; transition: background 0.5s, width 1.5s; width: 25%;\"></div>\\n\\","utility2-comment -->\\n\\","<h1>\\n\\","<!-- utility2-comment\\n\\","    <a\\n\\","        {{#if env.npm_package_homepage}}\\n\\","        href=\"{{env.npm_package_homepage}}\"\\n\\","        {{/if env.npm_package_homepage}}\\n\\","        target=\"_blank\"\\n\\","    >\\n\\","utility2-comment -->\\n\\","        {{env.npm_package_name}} (v{{env.npm_package_version}})\\n\\","<!-- utility2-comment\\n\\","    </a>\\n\\","utility2-comment -->\\n\\","</h1>\\n\\","<h3>{{env.npm_package_description}}</h3>\\n\\","<!-- utility2-comment\\n\\","<h4><a download href=\"assets.app.js\">download standalone app</a></h4>\\n\\","<button class=\"onclick onreset\" id=\"testRunButton1\">run internal test</button><br>\\n\\","<div id=\"testReportDiv1\" style=\"display: none;\"></div>\\n\\","utility2-comment -->\\n\\","\\n\\","\\n\\","\\n\\","<label>stderr and stdout</label>\\n\\","<textarea class=\"resettable\" id=\"outputTextareaStdout1\" readonly></textarea>\\n\\","<!-- utility2-comment\\n\\","{{#if isRollup}}\\n\\","<script src=\"assets.app.js\"></script>\\n\\","{{#unless isRollup}}\\n\\","utility2-comment -->\\n\\","<script src=\"assets.utility2.rollup.js\"></script>\\n\\","<script src=\"jsonp.utility2._stateInit?callback=window.utility2._stateInit\"></script>\\n\\","<script src=\"assets.npmtest_limdu.rollup.js\"></script>\\n\\","<script src=\"assets.example.js\"></script>\\n\\","<script src=\"assets.test.js\"></script>\\n\\","<!-- utility2-comment\\n\\","{{/if isRollup}}\\n\\","utility2-comment -->\\n\\","<div class=\"utility2FooterDiv\">\\n\\","    [ this app was created with\\n\\","    <a href=\"https://github.com/kaizhu256/node-utility2\" target=\"_blank\">utility2</a>\\n\\","    ]\\n\\","</div>\\n\\","</body>\\n\\","</html>\\n\\","';","        /* jslint-ignore-end */","        if (local.templateRender) {","            local.assetsDict['/'] = local.templateRender(","                local.assetsDict['/assets.index.template.html'],","                {","                    env: local.objectSetDefault(local.env, {","                        npm_package_description: 'the greatest app in the world!',","                        npm_package_name: 'my-app',","                        npm_package_nameAlias: 'my_app',","                        npm_package_version: '0.0.1'","                    })","                }","            );","        } else {","            local.assetsDict['/'] = local.assetsDict['/assets.index.template.html']","                .replace((/\\{\\{env\\.(\\w+?)\\}\\}/g), function (match0, match1) {","                    // jslint-hack","                    String(match0);","                    switch (match1) {","                    case 'npm_package_description':","                        return 'the greatest app in the world!';","                    case 'npm_package_name':","                        return 'my-app';","                    case 'npm_package_nameAlias':","                        return 'my_app';","                    case 'npm_package_version':","                        return '0.0.1';","                    }","                });","        }","        // run the cli","        if (local.global.utility2_rollup || module !== require.main) {","            break;","        }","        local.assetsDict['/assets.example.js'] =","            local.assetsDict['/assets.example.js'] ||","            local.fs.readFileSync(__filename, 'utf8');","        // bug-workaround - long $npm_package_buildCustomOrg","        /* jslint-ignore-begin */","        local.assetsDict['/assets.npmtest_limdu.rollup.js'] =","            local.assetsDict['/assets.npmtest_limdu.rollup.js'] ||","            local.fs.readFileSync(","                local.npmtest_limdu.__dirname + '/lib.npmtest_limdu.js',","                'utf8'","            ).replace((/^#!/), '//');","        /* jslint-ignore-end */","        local.assetsDict['/favicon.ico'] = local.assetsDict['/favicon.ico'] || '';","        // if $npm_config_timeout_exit exists,","        // then exit this process after $npm_config_timeout_exit ms","        if (Number(process.env.npm_config_timeout_exit)) {","            setTimeout(process.exit, Number(process.env.npm_config_timeout_exit));","        }","        // start server","        if (local.global.utility2_serverHttp1) {","            break;","        }","        process.env.PORT = process.env.PORT || '8081';","        console.error('server starting on port ' + process.env.PORT);","        local.http.createServer(function (request, response) {","            request.urlParsed = local.url.parse(request.url);","            if (local.assetsDict[request.urlParsed.pathname] !== undefined) {","                response.end(local.assetsDict[request.urlParsed.pathname]);","                return;","            }","            response.statusCode = 404;","            response.end();","        }).listen(process.env.PORT);","        break;","    }","}());",""],"l":{"26":2,"28":2,"33":2,"35":2,"37":2,"38":2,"39":2,"44":1,"51":2,"55":2,"59":2,"61":2,"69":1,"70":2,"76":2,"79":2,"82":2,"83":2,"85":1,"89":2,"92":1,"93":1,"94":1,"96":1,"97":1,"100":1,"101":1,"103":1,"106":1,"108":2,"114":1,"116":1,"118":1,"123":1,"124":2,"125":2,"126":3,"127":3,"128":3,"129":3,"130":1,"133":3,"134":3,"139":3,"143":1,"144":3,"145":1,"149":1,"150":1,"158":1,"160":1,"161":1,"162":1,"164":1,"166":1,"258":1,"259":1,"271":1,"274":6,"275":6,"277":1,"279":2,"281":1,"283":2,"288":1,"289":1,"291":1,"296":1,"303":1,"306":1,"307":1,"310":1,"311":1,"313":1,"314":1,"315":1,"316":1,"317":1,"318":1,"319":1,"321":1,"322":1,"324":1}},"/home/travis/build/npmtest/node-npmtest-limdu/node_modules/limdu/index.js":{"path":"/home/travis/build/npmtest/node-npmtest-limdu/node_modules/limdu/index.js","s":{"1":1},"b":{},"f":{},"fnMap":{},"statementMap":{"1":{"start":{"line":1,"column":0},"end":{"line":6,"column":1}}},"branchMap":{},"code":["module.exports = {","\tclassifiers: require('./classifiers'),","\tfeatures: require('./features'),","\tformats: require('./formats'),","\tutils: require('./utils'),","}",""],"l":{"1":1}},"/home/travis/build/npmtest/node-npmtest-limdu/node_modules/limdu/classifiers/index.js":{"path":"/home/travis/build/npmtest/node-npmtest-limdu/node_modules/limdu/classifiers/index.js","s":{"1":1,"2":1,"3":11,"4":10,"5":0},"b":{"1":[10,1],"2":[11,10]},"f":{"1":0},"fnMap":{"1":{"name":"(anonymous_1)","line":34,"loc":{"start":{"line":34,"column":61},"end":{"line":34,"column":78}}}},"statementMap":{"1":{"start":{"line":1,"column":0},"end":{"line":24,"column":1}},"2":{"start":{"line":32,"column":0},"end":{"line":37,"column":1}},"3":{"start":{"line":33,"column":1},"end":{"line":36,"column":3}},"4":{"start":{"line":34,"column":2},"end":{"line":36,"column":3}},"5":{"start":{"line":35,"column":3},"end":{"line":35,"column":52}}},"branchMap":{"1":{"line":33,"type":"if","locations":[{"start":{"line":33,"column":1},"end":{"line":33,"column":1}},{"start":{"line":33,"column":1},"end":{"line":33,"column":1}}]},"2":{"line":33,"type":"binary-expr","locations":[{"start":{"line":33,"column":5},"end":{"line":33,"column":46}},{"start":{"line":33,"column":50},"end":{"line":33,"column":100}}]}},"code":["module.exports = {","\t// basic classifiers:","\t//NeuralNetwork: require('./brain/lib/neuralnetwork').NeuralNetwork,","\tNeuralNetwork: require('./neural/NeuralNetwork'),","\tBayesian: require('./bayesian/bayesian'),","","\tkNN: require('./kNN/kNN'),","\t","\tSvmJs: require('./svm/SvmJs'),","\tSvmPerf: require('./svm/SvmPerf'),","\tSvmLinear: require('./svm/SvmLinear'),","\t","\t//BayesClassifier: require('./apparatus/lib/apparatus/classifier/bayes_classifier'),","\t//LogisticRegressionClassifier: require('./apparatus/lib/apparatus/classifier/logistic_regression_classifier'),","\tPerceptron: require('./perceptron/PerceptronHash'),","\tWinnow: require('./winnow/WinnowHash'),","","\tDecisionTree: require('./decisiontree/DecisionTree'),","","\tmultilabel: require('./multilabel'),","\t","\t// meta classifier:","\tEnhancedClassifier: require('./EnhancedClassifier'),","}","","//Object.defineProperty(Function.prototype, 'where', {","//\tvalue: function(args) {\treturn this.bind(0,args); }","//});","","","// add a \"classify and log\" method to all classifiers, for demos:","for (var classifierClass in module.exports) {","\tif (module.exports[classifierClass].prototype && module.exports[classifierClass].prototype.classify)","\t\tmodule.exports[classifierClass].prototype.classifyAndLog = function(sample) {","\t\t\tconsole.log(sample+\" is \"+this.classify(sample));","\t\t}","}",""],"l":{"1":1,"32":1,"33":11,"34":10,"35":0}},"/home/travis/build/npmtest/node-npmtest-limdu/node_modules/limdu/classifiers/neural/NeuralNetwork.js":{"path":"/home/travis/build/npmtest/node-npmtest-limdu/node_modules/limdu/classifiers/neural/NeuralNetwork.js","s":{"1":1,"2":1,"3":0,"4":1,"5":0,"6":0,"7":0,"8":0,"9":1,"10":1},"b":{"1":[0,0],"2":[0,0]},"f":{"1":0,"2":0,"3":0},"fnMap":{"1":{"name":"(anonymous_1)","line":10,"loc":{"start":{"line":10,"column":38},"end":{"line":10,"column":50}}},"2":{"name":"(anonymous_2)","line":11,"loc":{"start":{"line":11,"column":38},"end":{"line":11,"column":56}}},"3":{"name":"(anonymous_3)","line":12,"loc":{"start":{"line":12,"column":17},"end":{"line":12,"column":33}}}},"statementMap":{"1":{"start":{"line":8,"column":0},"end":{"line":8,"column":51}},"2":{"start":{"line":10,"column":0},"end":{"line":10,"column":119}},"3":{"start":{"line":10,"column":51},"end":{"line":10,"column":117}},"4":{"start":{"line":11,"column":0},"end":{"line":17,"column":2}},"5":{"start":{"line":12,"column":1},"end":{"line":15,"column":4}},"6":{"start":{"line":13,"column":2},"end":{"line":14,"column":33}},"7":{"start":{"line":14,"column":3},"end":{"line":14,"column":33}},"8":{"start":{"line":16,"column":1},"end":{"line":16,"column":21}},"9":{"start":{"line":18,"column":0},"end":{"line":18,"column":64}},"10":{"start":{"line":20,"column":0},"end":{"line":20,"column":31}}},"branchMap":{"1":{"line":13,"type":"if","locations":[{"start":{"line":13,"column":2},"end":{"line":13,"column":2}},{"start":{"line":13,"column":2},"end":{"line":13,"column":2}}]},"2":{"line":13,"type":"binary-expr","locations":[{"start":{"line":13,"column":6},"end":{"line":13,"column":34}},{"start":{"line":13,"column":38},"end":{"line":13,"column":71}}]}},"code":["/**"," * A wrapper for Heather Arthur's brain.js package: https://github.com/harthur/brain"," *"," * @author Erel Segal-haLevi"," * @since 2013-09-29"," */","","var NeuralNetwork = require('brain').NeuralNetwork;","","NeuralNetwork.prototype.trainOnline = function () {throw new Error(\"NeuralNetwork does not support online training\");}; ","NeuralNetwork.prototype.trainBatch  = function(dataset) {","\tdataset.forEach(function(datum) {","\t\tif (!Array.isArray(datum.output) && !(datum.output instanceof Object))","\t\t\tdatum.output = [datum.output];","\t});","\tthis.train(dataset); ","};","NeuralNetwork.prototype.classify  = NeuralNetwork.prototype.run; ","","module.exports = NeuralNetwork;",""],"l":{"8":1,"10":1,"11":1,"12":0,"13":0,"14":0,"16":0,"18":1,"20":1}},"/home/travis/build/npmtest/node-npmtest-limdu/node_modules/limdu/classifiers/bayesian/bayesian.js":{"path":"/home/travis/build/npmtest/node-npmtest-limdu/node_modules/limdu/classifiers/bayesian/bayesian.js","s":{"1":1,"2":1,"3":0,"4":0,"5":0,"6":0,"7":0,"8":0,"9":0,"10":0,"11":0,"12":0,"13":0,"14":0,"15":0,"16":0,"17":0,"18":1,"19":0,"20":0,"21":0,"22":0,"23":0,"24":0,"25":0,"26":0,"27":0,"28":0,"29":0,"30":0,"31":0,"32":0,"33":0,"34":0,"35":0,"36":0,"37":0,"38":0,"39":0,"40":0,"41":0,"42":0,"43":0,"44":0,"45":0,"46":0,"47":0,"48":0,"49":0,"50":0,"51":0,"52":0,"53":0,"54":0,"55":0,"56":0,"57":0,"58":0,"59":0,"60":0,"61":0,"62":0,"63":0,"64":0,"65":0,"66":0,"67":0,"68":0,"69":0,"70":0,"71":0,"72":0,"73":0,"74":0,"75":0,"76":0,"77":0,"78":0,"79":0,"80":0,"81":0,"82":0,"83":0,"84":0,"85":0,"86":1},"b":{"1":[0,0],"2":[0,0],"3":[0,0],"4":[0,0],"5":[0,0],"6":[0,0],"7":[0,0],"8":[0,0],"9":[0,0],"10":[0,0,0],"11":[0,0],"12":[0,0],"13":[0,0],"14":[0,0],"15":[0,0],"16":[0,0],"17":[0,0],"18":[0,0],"19":[0,0],"20":[0,0],"21":[0,0],"22":[0,0],"23":[0,0],"24":[0,0],"25":[0,0]},"f":{"1":0,"2":0,"3":0,"4":0,"5":0,"6":0,"7":0,"8":0,"9":0,"10":0,"11":0,"12":0,"13":0,"14":0,"15":0,"16":0,"17":0,"18":0,"19":0,"20":0,"21":0,"22":0},"fnMap":{"1":{"name":"(anonymous_1)","line":10,"loc":{"start":{"line":10,"column":15},"end":{"line":10,"column":33}}},"2":{"name":"(anonymous_2)","line":43,"loc":{"start":{"line":43,"column":14},"end":{"line":43,"column":43}}},"3":{"name":"(anonymous_3)","line":52,"loc":{"start":{"line":52,"column":13},"end":{"line":52,"column":28}}},"4":{"name":"(anonymous_4)","line":62,"loc":{"start":{"line":62,"column":11},"end":{"line":62,"column":39}}},"5":{"name":"(anonymous_5)","line":72,"loc":{"start":{"line":72,"column":27},"end":{"line":72,"column":42}}},"6":{"name":"(anonymous_6)","line":87,"loc":{"start":{"line":87,"column":15},"end":{"line":87,"column":34}}},"7":{"name":"(anonymous_7)","line":94,"loc":{"start":{"line":94,"column":29},"end":{"line":94,"column":49}}},"8":{"name":"(anonymous_8)","line":104,"loc":{"start":{"line":104,"column":13},"end":{"line":104,"column":27}}},"9":{"name":"(anonymous_9)","line":116,"loc":{"start":{"line":116,"column":12},"end":{"line":116,"column":28}}},"10":{"name":"(anonymous_10)","line":136,"loc":{"start":{"line":136,"column":9},"end":{"line":136,"column":28}}},"11":{"name":"(anonymous_11)","line":140,"loc":{"start":{"line":140,"column":11},"end":{"line":140,"column":36}}},"12":{"name":"(anonymous_12)","line":144,"loc":{"start":{"line":144,"column":10},"end":{"line":144,"column":29}}},"13":{"name":"(anonymous_13)","line":156,"loc":{"start":{"line":156,"column":11},"end":{"line":156,"column":49}}},"14":{"name":"(anonymous_14)","line":160,"loc":{"start":{"line":160,"column":38},"end":{"line":160,"column":60}}},"15":{"name":"(anonymous_15)","line":170,"loc":{"start":{"line":170,"column":14},"end":{"line":170,"column":47}}},"16":{"name":"(anonymous_16)","line":171,"loc":{"start":{"line":171,"column":31},"end":{"line":171,"column":52}}},"17":{"name":"(anonymous_17)","line":176,"loc":{"start":{"line":176,"column":15},"end":{"line":176,"column":39}}},"18":{"name":"(anonymous_18)","line":181,"loc":{"start":{"line":181,"column":49},"end":{"line":181,"column":70}}},"19":{"name":"(anonymous_19)","line":197,"loc":{"start":{"line":197,"column":16},"end":{"line":197,"column":48}}},"20":{"name":"(anonymous_20)","line":206,"loc":{"start":{"line":206,"column":15},"end":{"line":206,"column":43}}},"21":{"name":"(anonymous_21)","line":210,"loc":{"start":{"line":210,"column":19},"end":{"line":210,"column":36}}},"22":{"name":"(anonymous_22)","line":227,"loc":{"start":{"line":227,"column":16},"end":{"line":227,"column":37}}}},"statementMap":{"1":{"start":{"line":1,"column":0},"end":{"line":1,"column":32}},"2":{"start":{"line":10,"column":0},"end":{"line":33,"column":1}},"3":{"start":{"line":11,"column":1},"end":{"line":11,"column":24}},"4":{"start":{"line":12,"column":1},"end":{"line":12,"column":44}},"5":{"start":{"line":13,"column":1},"end":{"line":13,"column":53}},"6":{"start":{"line":14,"column":1},"end":{"line":14,"column":50}},"7":{"start":{"line":15,"column":1},"end":{"line":15,"column":35}},"8":{"start":{"line":16,"column":1},"end":{"line":16,"column":39}},"9":{"start":{"line":17,"column":1},"end":{"line":17,"column":81}},"10":{"start":{"line":18,"column":1},"end":{"line":18,"column":85}},"11":{"start":{"line":20,"column":1},"end":{"line":20,"column":53}},"12":{"start":{"line":21,"column":1},"end":{"line":32,"column":2}},"13":{"start":{"line":24,"column":3},"end":{"line":24,"column":89}},"14":{"start":{"line":25,"column":3},"end":{"line":25,"column":9}},"15":{"start":{"line":27,"column":3},"end":{"line":28,"column":50}},"16":{"start":{"line":29,"column":3},"end":{"line":29,"column":9}},"17":{"start":{"line":31,"column":3},"end":{"line":31,"column":69}},"18":{"start":{"line":36,"column":0},"end":{"line":231,"column":1}},"19":{"start":{"line":44,"column":2},"end":{"line":44,"column":59}},"20":{"start":{"line":53,"column":2},"end":{"line":53,"column":26}},"21":{"start":{"line":63,"column":2},"end":{"line":65,"column":3}},"22":{"start":{"line":64,"column":3},"end":{"line":64,"column":99}},"23":{"start":{"line":66,"column":2},"end":{"line":66,"column":42}},"24":{"start":{"line":68,"column":2},"end":{"line":68,"column":34}},"25":{"start":{"line":69,"column":2},"end":{"line":78,"column":3}},"26":{"start":{"line":70,"column":3},"end":{"line":75,"column":5}},"27":{"start":{"line":73,"column":5},"end":{"line":73,"column":32}},"28":{"start":{"line":77,"column":3},"end":{"line":77,"column":23}},"29":{"start":{"line":88,"column":2},"end":{"line":88,"column":28}},"30":{"start":{"line":89,"column":2},"end":{"line":89,"column":63}},"31":{"start":{"line":91,"column":2},"end":{"line":91,"column":55}},"32":{"start":{"line":93,"column":2},"end":{"line":97,"column":3}},"33":{"start":{"line":94,"column":3},"end":{"line":94,"column":76}},"34":{"start":{"line":94,"column":51},"end":{"line":94,"column":69}},"35":{"start":{"line":95,"column":3},"end":{"line":96,"column":32}},"36":{"start":{"line":96,"column":4},"end":{"line":96,"column":32}},"37":{"start":{"line":99,"column":2},"end":{"line":99,"column":29}},"38":{"start":{"line":101,"column":2},"end":{"line":103,"column":3}},"39":{"start":{"line":102,"column":3},"end":{"line":102,"column":51}},"40":{"start":{"line":104,"column":2},"end":{"line":106,"column":5}},"41":{"start":{"line":105,"column":3},"end":{"line":105,"column":20}},"42":{"start":{"line":108,"column":2},"end":{"line":108,"column":15}},"43":{"start":{"line":117,"column":2},"end":{"line":117,"column":32}},"44":{"start":{"line":118,"column":2},"end":{"line":118,"column":35}},"45":{"start":{"line":120,"column":2},"end":{"line":127,"column":3}},"46":{"start":{"line":121,"column":3},"end":{"line":121,"column":37}},"47":{"start":{"line":122,"column":3},"end":{"line":122,"column":72}},"48":{"start":{"line":123,"column":3},"end":{"line":124,"column":31}},"49":{"start":{"line":124,"column":4},"end":{"line":124,"column":31}},"50":{"start":{"line":125,"column":3},"end":{"line":126,"column":38}},"51":{"start":{"line":126,"column":4},"end":{"line":126,"column":38}},"52":{"start":{"line":129,"column":2},"end":{"line":132,"column":4}},"53":{"start":{"line":137,"column":2},"end":{"line":137,"column":39}},"54":{"start":{"line":141,"column":2},"end":{"line":141,"column":40}},"55":{"start":{"line":145,"column":3},"end":{"line":145,"column":41}},"56":{"start":{"line":158,"column":2},"end":{"line":158,"column":60}},"57":{"start":{"line":160,"column":2},"end":{"line":162,"column":14}},"58":{"start":{"line":161,"column":3},"end":{"line":161,"column":39}},"59":{"start":{"line":164,"column":2},"end":{"line":164,"column":127}},"60":{"start":{"line":167,"column":2},"end":{"line":167,"column":29}},"61":{"start":{"line":171,"column":2},"end":{"line":173,"column":8}},"62":{"start":{"line":172,"column":3},"end":{"line":172,"column":22}},"63":{"start":{"line":175,"column":2},"end":{"line":175,"column":17}},"64":{"start":{"line":176,"column":2},"end":{"line":192,"column":11}},"65":{"start":{"line":177,"column":3},"end":{"line":177,"column":48}},"66":{"start":{"line":181,"column":3},"end":{"line":187,"column":15}},"67":{"start":{"line":182,"column":4},"end":{"line":182,"column":40}},"68":{"start":{"line":183,"column":4},"end":{"line":183,"column":70}},"69":{"start":{"line":184,"column":4},"end":{"line":184,"column":71}},"70":{"start":{"line":186,"column":4},"end":{"line":186,"column":36}},"71":{"start":{"line":191,"column":3},"end":{"line":191,"column":39}},"72":{"start":{"line":193,"column":2},"end":{"line":193,"column":15}},"73":{"start":{"line":198,"column":3},"end":{"line":198,"column":60}},"74":{"start":{"line":208,"column":3},"end":{"line":208,"column":21}},"75":{"start":{"line":209,"column":3},"end":{"line":209,"column":20}},"76":{"start":{"line":210,"column":3},"end":{"line":222,"column":12}},"77":{"start":{"line":211,"column":4},"end":{"line":211,"column":28}},"78":{"start":{"line":214,"column":4},"end":{"line":214,"column":54}},"79":{"start":{"line":216,"column":4},"end":{"line":216,"column":32}},"80":{"start":{"line":217,"column":4},"end":{"line":221,"column":5}},"81":{"start":{"line":218,"column":5},"end":{"line":218,"column":49}},"82":{"start":{"line":219,"column":5},"end":{"line":219,"column":58}},"83":{"start":{"line":220,"column":5},"end":{"line":220,"column":49}},"84":{"start":{"line":224,"column":3},"end":{"line":224,"column":62}},"85":{"start":{"line":228,"column":3},"end":{"line":228,"column":32}},"86":{"start":{"line":233,"column":0},"end":{"line":233,"column":26}}},"branchMap":{"1":{"line":11,"type":"binary-expr","locations":[{"start":{"line":11,"column":11},"end":{"line":11,"column":18}},{"start":{"line":11,"column":22},"end":{"line":11,"column":24}}]},"2":{"line":12,"type":"binary-expr","locations":[{"start":{"line":12,"column":19},"end":{"line":12,"column":37}},{"start":{"line":12,"column":41},"end":{"line":12,"column":43}}]},"3":{"line":13,"type":"binary-expr","locations":[{"start":{"line":13,"column":24},"end":{"line":13,"column":47}},{"start":{"line":13,"column":51},"end":{"line":13,"column":52}}]},"4":{"line":14,"type":"binary-expr","locations":[{"start":{"line":14,"column":16},"end":{"line":14,"column":31}},{"start":{"line":14,"column":35},"end":{"line":14,"column":49}}]},"5":{"line":15,"type":"binary-expr","locations":[{"start":{"line":15,"column":15},"end":{"line":15,"column":29}},{"start":{"line":15,"column":33},"end":{"line":15,"column":34}}]},"6":{"line":16,"type":"binary-expr","locations":[{"start":{"line":16,"column":16},"end":{"line":16,"column":31}},{"start":{"line":16,"column":35},"end":{"line":16,"column":38}}]},"7":{"line":17,"type":"binary-expr","locations":[{"start":{"line":17,"column":37},"end":{"line":17,"column":73}},{"start":{"line":17,"column":75},"end":{"line":17,"column":80}}]},"8":{"line":18,"type":"binary-expr","locations":[{"start":{"line":18,"column":39},"end":{"line":18,"column":77}},{"start":{"line":18,"column":79},"end":{"line":18,"column":84}}]},"9":{"line":20,"type":"binary-expr","locations":[{"start":{"line":20,"column":15},"end":{"line":20,"column":30}},{"start":{"line":20,"column":34},"end":{"line":20,"column":52}}]},"10":{"line":21,"type":"switch","locations":[{"start":{"line":22,"column":2},"end":{"line":25,"column":9}},{"start":{"line":26,"column":2},"end":{"line":29,"column":9}},{"start":{"line":30,"column":2},"end":{"line":31,"column":69}}]},"11":{"line":63,"type":"if","locations":[{"start":{"line":63,"column":2},"end":{"line":63,"column":2}},{"start":{"line":63,"column":2},"end":{"line":63,"column":2}}]},"12":{"line":69,"type":"if","locations":[{"start":{"line":69,"column":2},"end":{"line":69,"column":2}},{"start":{"line":69,"column":2},"end":{"line":69,"column":2}}]},"13":{"line":93,"type":"if","locations":[{"start":{"line":93,"column":2},"end":{"line":93,"column":2}},{"start":{"line":93,"column":2},"end":{"line":93,"column":2}}]},"14":{"line":101,"type":"if","locations":[{"start":{"line":101,"column":2},"end":{"line":101,"column":2}},{"start":{"line":101,"column":2},"end":{"line":101,"column":2}}]},"15":{"line":120,"type":"if","locations":[{"start":{"line":120,"column":2},"end":{"line":120,"column":2}},{"start":{"line":120,"column":2},"end":{"line":120,"column":2}}]},"16":{"line":122,"type":"binary-expr","locations":[{"start":{"line":122,"column":19},"end":{"line":122,"column":47}},{"start":{"line":122,"column":51},"end":{"line":122,"column":71}}]},"17":{"line":123,"type":"if","locations":[{"start":{"line":123,"column":3},"end":{"line":123,"column":3}},{"start":{"line":123,"column":3},"end":{"line":123,"column":3}}]},"18":{"line":125,"type":"if","locations":[{"start":{"line":125,"column":3},"end":{"line":125,"column":3}},{"start":{"line":125,"column":3},"end":{"line":125,"column":3}}]},"19":{"line":158,"type":"binary-expr","locations":[{"start":{"line":158,"column":26},"end":{"line":158,"column":41}},{"start":{"line":158,"column":45},"end":{"line":158,"column":46}}]},"20":{"line":161,"type":"binary-expr","locations":[{"start":{"line":161,"column":17},"end":{"line":161,"column":32}},{"start":{"line":161,"column":36},"end":{"line":161,"column":37}}]},"21":{"line":177,"type":"binary-expr","locations":[{"start":{"line":177,"column":23},"end":{"line":177,"column":31}},{"start":{"line":177,"column":35},"end":{"line":177,"column":36}}]},"22":{"line":182,"type":"binary-expr","locations":[{"start":{"line":182,"column":21},"end":{"line":182,"column":33}},{"start":{"line":182,"column":37},"end":{"line":182,"column":39}}]},"23":{"line":214,"type":"cond-expr","locations":[{"start":{"line":214,"column":34},"end":{"line":214,"column":50}},{"start":{"line":214,"column":52},"end":{"line":214,"column":53}}]},"24":{"line":218,"type":"binary-expr","locations":[{"start":{"line":218,"column":25},"end":{"line":218,"column":42}},{"start":{"line":218,"column":46},"end":{"line":218,"column":48}}]},"25":{"line":219,"type":"binary-expr","locations":[{"start":{"line":219,"column":30},"end":{"line":219,"column":52}},{"start":{"line":219,"column":56},"end":{"line":219,"column":57}}]}},"code":["var _ = require(\"underscore\")._;","","/**"," * A multi-class single-label Bayes classifier."," *"," * @author Erel Segal-Halevi based on code by Heather Arthur (https://github.com/harthur/classifier)"," *"," * @param options"," */","var Bayesian = function(options) {","\toptions = options || {}","\tthis.thresholds = options.thresholds || {};","\tthis.globalThreshold = options.globalThreshold || 1;","\tthis.default = options.default || 'unclassified';","\tthis.weight = options.weight || 1;","\tthis.assumed = options.assumed || 0.5;","\tthis.normalizeOutputProbabilities = options.normalizeOutputProbabilities||false;","\tthis.calculateRelativeProbabilities = options.calculateRelativeProbabilities||false;","","\tvar backend = options.backend || { type: 'memory' };","\tswitch(backend.type.toLowerCase()) {","\t\tcase 'redis':","\t\t\t//this.backend = new (require(\"./backends/redis\").RedisBackend)(backend.options);","\t\t\tthrow new Error(\"Redis backend support was dropped, in order to remove dependencies\");","\t\t\tbreak;","\t\tcase 'localstorage':","\t\t\tthis.backend = new (require(\"./backends/localStorage\")","\t\t\t\t\t\t\t\t\t\t .LocalStorageBackend)(backend.options);","\t\t\tbreak;","\t\tdefault:","\t\t\tthis.backend = new (require(\"./backends/memory\").MemoryBackend)();","\t}","}","","","Bayesian.prototype = {","","\t/**","\t * Tell the classifier that the given document belongs to the given category.","\t * @param document [string] a training sample - a feature-value hash: {feature1: value1, feature2: value2, ...}","\t * @param category [string] the correct category of this sample.","\t */","\ttrainOnline: function(document, category) {","\t\tthis.incDocCounts([{input: document, output: category}]);","\t},","","\t/**","\t * Train the classifier with all the given documents.","\t * @param data an array with objects of the format: {input: sample1, output: category1}","\t * where sample1 is a feature-value hash: {feature1: value1, feature2: value2, ...}","\t */","\ttrainBatch: function(data) {","\t\tthis.incDocCounts(data);","\t},","","\t/**","\t * Ask the classifier what category the given document belongs to.","\t * @param document a hash {feature1: value1, feature2: value2, ...}","\t * @return the most probable category of this sample.","\t * If explain>0, also return the probability of each category.","\t */","\tclassify: function(document, explain) {","\t\tif (!_.isObject(document)) {","\t\t\tthrow new Error(\"document should be a feature-value hash, but it is \"+JSON.stringify(document));","\t\t}","\t\tvar probs = this.getProbsSync(document);","","\t\tvar max = this.bestMatch(probs);","\t\tif (explain>0) {","\t\t\treturn {","\t\t\t\tclasses: max.category,","\t\t\t\texplanation: probs.map(function(pair) {","\t\t\t\t\treturn pair[0]+\": \"+pair[1]","\t\t\t\t})","\t\t\t};","\t\t} else {","\t\t\treturn max.category;","\t\t}","\t},","","\t/**","\t * A subroutine used for classification.","\t * Gets the probabilities of the words in the given sentence.","\t * @param document a hash {feature1: value1, feature2: value2, ...}","\t * Values are numeric and represent number of occurences.","\t */","\tgetProbsSync: function(document) {","\t\tvar cats = this.getCats(); // a hash with the possible categories: { 'cat1': 1, 'cat2': 1 }","\t\tvar counts = this.getWordCounts(Object.keys(document), cats); // For each word encountered during training, the counts of times it occurred in each category.","","\t\tvar probs = this.getCatProbs(cats, document, counts); // The probabilities that the given document belongs to each of the categories, i.e.: { 'cat1': 0.1875, 'cat2': 0.0625 }","","\t\tif (this.normalizeOutputProbabilities) {","\t\t\tvar sum = _(probs).reduce(function(memo, num) { return memo + num; }, 0);","\t\t\tfor (var cat in probs)","\t\t\t\tprobs[cat] = probs[cat]/sum;","\t\t}","","\t\tvar pairs = _.pairs(probs);   // pairs of [category,probability], for all categories that appeared in the training set.","\t\t//console.dir(pairs);","\t\tif (pairs.length==0) {","\t\t\treturn {category: this.default, probability: 0};","\t\t}","\t\tpairs.sort(function(a,b) {   // sort by decreasing prob","\t\t\treturn b[1]-a[1];","\t\t});","","\t\treturn pairs;","\t},","","\t/**","\t * Used for classification.","\t * @param pairs [[category,probability],...]","\t * @return{category: most-probable-category, probability: its-probability}","\t */","\tbestMatch: function(pairs) {","\t\tvar maxCategory = pairs[0][0];","\t\tvar maxProbability = pairs[0][1];","","\t\tif (pairs.length>1) {","\t\t\tvar nextProbability = pairs[1][1];","\t\t\tvar threshold = this.thresholds[maxCategory] || this.globalThreshold;","\t\t\tif (nextProbability * threshold > maxProbability)","\t\t\t\tmaxCategory = this.default; // not greater than other category by enough","\t\t\tif (this.calculateRelativeProbabilities)","\t\t\t\tmaxProbability /= nextProbability;","\t\t}","","\t\treturn {","\t\t\tcategory: maxCategory,","\t\t\tprobability: maxProbability","\t\t};","\t},","","","\ttoJSON: function(callback) {","\t\treturn this.backend.toJSON(callback);","\t},","","\tfromJSON: function(json, callback) {","\t\tthis.backend.fromJSON(json, callback);","\t},","","\tgetCats: function(callback) {","\t\t\treturn this.backend.getCats(callback);","\t},","","","","\t/*","\t *","\t *\tInternal functions (should be private):","\t *","\t */","","\twordProb: function(word, cat, cats, wordCounts) {","\t\t// times word appears in a doc in this cat / docs in this cat","\t\tvar probWordGivenCat = (wordCounts[cat] || 0) / cats[cat];","","\t\tvar totalWordCount = _(cats).reduce(function(sum, p, cat) {","\t\t\treturn sum + (wordCounts[cat] || 0);","\t\t}, 0, this);","\t\t// get weighted average with assumed so prob won't be extreme on rare words","\t\tvar modifiedProbGivenCat = (this.weight * this.assumed + totalWordCount * probWordGivenCat) / (this.weight + totalWordCount);","","\t\t//console.log(\"word=\"+word+\" cat=\"+cat+\" probWordGivenCat=\"+probWordGivenCat+\" totalWordCount=\"+totalWordCount+\" modifiedProbGivenCat=\"+modifiedProbGivenCat)","\t\treturn modifiedProbGivenCat","\t},","","\tgetCatProbs: function(cats, document, counts) {","\t\tvar numDocs = _(cats).reduce(function(sum, count) {","\t\t\treturn sum + count;","\t\t}, 0);  // total number of training samples in all categories","","\t\tvar probs = {};","\t\t_(cats).each(function(catCount, cat) {","\t\t\tvar catPriorProb = (catCount || 0) / numDocs;","","\t\t\t// The probability to see a document is the product","\t\t\t//     of the probability to see each word in the document.","\t\t\tvar docProb = _(Object.keys(document)).reduce(function(prob, word) {","\t\t\t\tvar wordCounts = counts[word] || {};","\t\t\t\tvar probWordGivenCat = this.wordProb(word, cat, cats, wordCounts);","\t\t\t\tvar probWordsGivenCat = Math.pow(probWordGivenCat, document[word]);","\t\t\t\t//console.log(\"probWordGivenCat=\"+probWordGivenCat+\" probWordsGivenCat=\"+probWordsGivenCat+\" document[word]=\"+document[word])","\t\t\t\treturn prob * probWordsGivenCat;","\t\t\t}, 1, this);","\t\t\t//console.log(\"docProb=\"+docProb)","","\t\t\t// the probability this doc is in this category","\t\t\tprobs[cat] = catPriorProb * docProb;","\t\t}, this);","\t\treturn probs;","\t},","","","\tgetWordCounts: function(words, cats, callback) {","\t\t\treturn this.backend.getWordCounts(words, cats, callback);","\t},","","\t/**","\t * Increment the feature counts.","\t * @param data an array with objects of the format: {input: sample1, output: class1}","\t * where sample1 is a feature-value hash: {feature1: value1, feature2: value2, ...}","\t */","\tincDocCounts: function(samples, callback) {","\t\t\t// accumulate all the pending increments","\t\t\tvar wordIncs = {};","\t\t\tvar catIncs = {};","\t\t\tsamples.forEach(function(sample) {","\t\t\t\tvar cat = sample.output;","\t\t\t\t//if (_.isObject(cat))","\t\t\t\t//\tcat = JSON.stringify(cat);","\t\t\t\tcatIncs[cat] = catIncs[cat] ? catIncs[cat] + 1: 1;","","\t\t\t\tvar features = sample.input;","\t\t\t\tfor (var feature in features) {","\t\t\t\t\twordIncs[feature] = wordIncs[feature] || {};","\t\t\t\t\twordIncs[feature][cat] = wordIncs[feature][cat] || 0;","\t\t\t\t\twordIncs[feature][cat] += features[feature];","\t\t\t\t}","\t\t\t}, this);","","\t\t\treturn this.backend.incCounts(catIncs, wordIncs, callback);","\t},","","\tsetThresholds: function(thresholds) {","\t\t\tthis.thresholds = thresholds;","\t},","","}","","module.exports = Bayesian;",""],"l":{"1":1,"10":1,"11":0,"12":0,"13":0,"14":0,"15":0,"16":0,"17":0,"18":0,"20":0,"21":0,"24":0,"25":0,"27":0,"29":0,"31":0,"36":1,"44":0,"53":0,"63":0,"64":0,"66":0,"68":0,"69":0,"70":0,"73":0,"77":0,"88":0,"89":0,"91":0,"93":0,"94":0,"95":0,"96":0,"99":0,"101":0,"102":0,"104":0,"105":0,"108":0,"117":0,"118":0,"120":0,"121":0,"122":0,"123":0,"124":0,"125":0,"126":0,"129":0,"137":0,"141":0,"145":0,"158":0,"160":0,"161":0,"164":0,"167":0,"171":0,"172":0,"175":0,"176":0,"177":0,"181":0,"182":0,"183":0,"184":0,"186":0,"191":0,"193":0,"198":0,"208":0,"209":0,"210":0,"211":0,"214":0,"216":0,"217":0,"218":0,"219":0,"220":0,"224":0,"228":0,"233":1}},"/home/travis/build/npmtest/node-npmtest-limdu/node_modules/limdu/classifiers/kNN/kNN.js":{"path":"/home/travis/build/npmtest/node-npmtest-limdu/node_modules/limdu/classifiers/kNN/kNN.js","s":{"1":1,"2":1,"3":1,"4":0,"5":0,"6":0,"7":0,"8":0,"9":1,"10":0,"11":0,"12":0,"13":0,"14":0,"15":0,"16":0,"17":0,"18":0,"19":0,"20":0,"21":0,"22":0,"23":0,"24":0,"25":0,"26":0,"27":0,"28":0,"29":0,"30":0,"31":0,"32":0,"33":0,"34":0,"35":0,"36":0,"37":0,"38":0,"39":0,"40":0,"41":0,"42":0,"43":0,"44":0,"45":0,"46":0,"47":0,"48":0,"49":0,"50":0,"51":0,"52":0,"53":0,"54":0,"55":0,"56":0,"57":0,"58":1},"b":{"1":[0,0],"2":[0,0],"3":[0,0],"4":[0,0],"5":[0,0],"6":[0,0],"7":[0,0],"8":[0,0],"9":[0,0],"10":[0,0]},"f":{"1":0,"2":0,"3":0,"4":0,"5":0,"6":0,"7":0,"8":0,"9":0,"10":0,"11":0,"12":0,"13":0,"14":0,"15":0,"16":0,"17":0,"18":0,"19":0,"20":0,"21":0,"22":0,"23":0,"24":0,"25":0},"fnMap":{"1":{"name":"(anonymous_1)","line":8,"loc":{"start":{"line":8,"column":10},"end":{"line":8,"column":25}}},"2":{"name":"(anonymous_2)","line":18,"loc":{"start":{"line":18,"column":14},"end":{"line":18,"column":39}}},"3":{"name":"(anonymous_3)","line":21,"loc":{"start":{"line":21,"column":14},
[...]
tion(dataset, classifier, tokenize) {","\tunseen_correlation = {}","","\tpartitions.partitions(dataset, 5, function(trainSet, testSet, index) { ","\t\tunseen_vocabulary = tokenizedataset(testSet, tokenize)","\t\tseen_vocabulary = tokenizedataset(trainSet, tokenize)","\t\tvar stats  = trainAndTest_hash(classifier, trainSet, testSet, 5);","\t","\t_.each(stats['data'],  function(report, key, list){ ","\t\tif (report['explanations']['FN'].length > 0)","\t\t\t{","\t\t\tunseen_words = _.difference(tokenize(normalizer(report['input'])), seen_vocabulary)","\t\t\t_.each(unseen_words, function(word, key, list) {","\t    \t\tif (!(word in unseen_correlation))","\t    \t\t\t{","    \t\t\t\tunseen_correlation[word] = []","\t    \t\t\t}","\t    \t\tunseen_correlation[word].push(report['explanations']['FN'])","\t    \t\t})","\t\t\t}","\t\t})","  \t})","  \treturn unseen_correlation","}",""],"l":{"12":2,"13":2,"14":2,"15":2,"16":0,"18":1,"19":0,"20":0,"23":0,"27":1,"29":0,"30":0,"32":0,"34":0,"35":0,"38":0,"41":0,"43":0,"44":0,"45":0,"52":0,"53":0,"55":0,"56":0,"57":0,"58":0,"60":0,"61":0,"63":0,"64":0,"65":0,"67":0,"69":0,"74":0}},"/home/travis/build/npmtest/node-npmtest-limdu/node_modules/limdu/classifiers/decisiontree/DecisionTreeDemo.js":{"path":"/home/travis/build/npmtest/node-npmtest-limdu/node_modules/limdu/classifiers/decisiontree/DecisionTreeDemo.js","s":{"1":1,"2":1,"3":1,"4":1,"5":1,"6":1,"7":1,"8":1},"b":{},"f":{},"fnMap":{},"statementMap":{"1":{"start":{"line":1,"column":0},"end":{"line":1,"column":40}},"2":{"start":{"line":2,"column":0},"end":{"line":2,"column":45}},"3":{"start":{"line":4,"column":0},"end":{"line":5,"column":3}},"4":{"start":{"line":7,"column":0},"end":{"line":9,"column":39}},"5":{"start":{"line":11,"column":0},"end":{"line":11,"column":31}},"6":{"start":{"line":13,"column":0},"end":{"line":13,"column":66}},"7":{"start":{"line":14,"column":0},"end":{"line":14,"column":66}},"8":{"start":{"line":16,"column":0},"end":{"line":16,"column":38}}},"branchMap":{},"code":["console.log(\"Decision Tree demo start\");","var DecisionTree = require('./DecisionTree');","","var classifier = new DecisionTree({","});","","dataset = [{input: {a:1 , b:0  }, output: 0},","\t\t   {input: {a:0 , b:1  }, output: 0},","\t\t   {input: {a:0 , b:0  }, output: 1}]","","classifier.trainBatch(dataset);","","console.dir(classifier.classify({'a': 0, 'b': 0}, /*explain=*/1));","console.dir(classifier.classify({'a': 1, 'b': 1}, /*explain=*/3));","","console.log(\"Decision Tree demo end\");",""],"l":{"1":1,"2":1,"4":1,"7":1,"11":1,"13":1,"14":1,"16":1}},"/home/travis/build/npmtest/node-npmtest-limdu/node_modules/limdu/classifiers/multilabel/BinaryRelevanceDemo.js":{"path":"/home/travis/build/npmtest/node-npmtest-limdu/node_modules/limdu/classifiers/multilabel/BinaryRelevanceDemo.js","s":{"1":1,"2":1,"3":1,"4":1,"5":1,"6":1,"7":1,"8":1,"9":1,"10":1,"11":1,"12":1,"13":1,"14":1,"15":1,"16":1,"17":1,"18":1,"19":1,"20":1,"21":1,"22":1,"23":1,"24":1},"b":{},"f":{},"fnMap":{},"statementMap":{"1":{"start":{"line":3,"column":0},"end":{"line":3,"column":32}},"2":{"start":{"line":5,"column":0},"end":{"line":9,"column":4}},"3":{"start":{"line":11,"column":0},"end":{"line":13,"column":3}},"4":{"start":{"line":14,"column":0},"end":{"line":14,"column":32}},"5":{"start":{"line":16,"column":0},"end":{"line":16,"column":39}},"6":{"start":{"line":17,"column":0},"end":{"line":17,"column":58}},"7":{"start":{"line":18,"column":0},"end":{"line":18,"column":58}},"8":{"start":{"line":19,"column":0},"end":{"line":19,"column":58}},"9":{"start":{"line":20,"column":0},"end":{"line":20,"column":65}},"10":{"start":{"line":25,"column":0},"end":{"line":25,"column":42}},"11":{"start":{"line":26,"column":0},"end":{"line":26,"column":60}},"12":{"start":{"line":27,"column":0},"end":{"line":27,"column":60}},"13":{"start":{"line":28,"column":0},"end":{"line":28,"column":60}},"14":{"start":{"line":29,"column":0},"end":{"line":29,"column":67}},"15":{"start":{"line":31,"column":0},"end":{"line":31,"column":44}},"16":{"start":{"line":32,"column":0},"end":{"line":32,"column":65}},"17":{"start":{"line":33,"column":0},"end":{"line":33,"column":65}},"18":{"start":{"line":34,"column":0},"end":{"line":34,"column":65}},"19":{"start":{"line":35,"column":0},"end":{"line":35,"column":72}},"20":{"start":{"line":37,"column":0},"end":{"line":37,"column":54}},"21":{"start":{"line":38,"column":0},"end":{"line":38,"column":65}},"22":{"start":{"line":39,"column":0},"end":{"line":39,"column":65}},"23":{"start":{"line":40,"column":0},"end":{"line":40,"column":65}},"24":{"start":{"line":41,"column":0},"end":{"line":41,"column":72}}},"branchMap":{},"code":["// simple demonstration of Binary Relevance (one-vs.-all) classifier","","var classifiers = require('..');","","var trainSet = [","\t\t{input: {'I':1,'want':1,'aa':1}, output: 'a'},","\t\t{input: {'I':1,'want':1,'bb':1}, output: 'b'},","\t\t{input: {'I':1,'want':1,'cc':1}, output: 'c'},","\t\t];","","var classifier = new classifiers.multilabel.BinaryRelevance({","\tbinaryClassifierType: classifiers.Winnow.bind(0,{retrain_count:10})","});","classifier.trainBatch(trainSet);","","console.log(\"simple classification: \");","console.dir(classifier.classify({'I':1,'want':1,'aa':1}));  // a","console.dir(classifier.classify({'I':1,'need':1,'bb':1}));  // b","console.dir(classifier.classify({'I':1,'feel':1,'cc':1}));  // c","console.dir(classifier.classify({'I':1,'need':1,'aa':1,'bb':1}));  // a,b","","//console.log(\"model: \");","//console.dir(classifier);","","console.log(\"explained classification: \");","console.dir(classifier.classify({'I':1,'want':1,'aa':1},5));  // a","console.dir(classifier.classify({'I':1,'need':1,'bb':1},5));  // b","console.dir(classifier.classify({'I':1,'feel':1,'cc':1},5));  // c","console.dir(classifier.classify({'I':1,'need':1,'aa':1,'bb':1},5));  // a,b","","console.log(\"classification with scores: \");","console.dir(classifier.classify({'I':1,'need':1,'aa':1},0,true));  // a","console.dir(classifier.classify({'I':1,'need':1,'bb':1},0,true));  // b","console.dir(classifier.classify({'I':1,'need':1,'cc':1},0,true));  // c","console.dir(classifier.classify({'I':1,'need':1,'aa':1,'bb':1},0,true));  // a,b","","console.log(\"explained classification with scores: \");","console.dir(classifier.classify({'I':1,'need':1,'aa':1},5,true));  // a","console.dir(classifier.classify({'I':1,'need':1,'bb':1},5,true));  // b","console.dir(classifier.classify({'I':1,'need':1,'cc':1},5,true));  // c","console.dir(classifier.classify({'I':1,'need':1,'aa':1,'bb':1},5,true));  // a,b",""],"l":{"3":1,"5":1,"11":1,"14":1,"16":1,"17":1,"18":1,"19":1,"20":1,"25":1,"26":1,"27":1,"28":1,"29":1,"31":1,"32":1,"33":1,"34":1,"35":1,"37":1,"38":1,"39":1,"40":1,"41":1}},"/home/travis/build/npmtest/node-npmtest-limdu/node_modules/limdu/classifiers/svm/SvmJsDemo.js":{"path":"/home/travis/build/npmtest/node-npmtest-limdu/node_modules/limdu/classifiers/svm/SvmJsDemo.js","s":{"1":1,"2":1,"3":1,"4":1,"5":1,"6":1,"7":1,"8":1,"9":1,"10":1},"b":{},"f":{},"fnMap":{},"statementMap":{"1":{"start":{"line":3,"column":0},"end":{"line":3,"column":31}},"2":{"start":{"line":5,"column":0},"end":{"line":5,"column":30}},"3":{"start":{"line":7,"column":0},"end":{"line":12,"column":7}},"4":{"start":{"line":14,"column":0},"end":{"line":14,"column":26}},"5":{"start":{"line":16,"column":0},"end":{"line":16,"column":33}},"6":{"start":{"line":17,"column":0},"end":{"line":17,"column":33}},"7":{"start":{"line":20,"column":0},"end":{"line":20,"column":36}},"8":{"start":{"line":21,"column":0},"end":{"line":21,"column":36}},"9":{"start":{"line":25,"column":0},"end":{"line":25,"column":42}},"10":{"start":{"line":26,"column":0},"end":{"line":26,"column":42}}},"branchMap":{},"code":["// simple demonstration of SVM","","var SvmJs = require('./SvmJs');","","var svm = new SvmJs({C: 1.0});","","var traindata = [","     {input: [0,0], output: 0},","     {input: [0,1], output: 0}, ","     {input: [1,0], output: 1}, ","   \t {input: [1,1], output: 1},","     ];","","svm.trainBatch(traindata);","","console.dir(svm.classify([0,2]));  // 0","console.dir(svm.classify([1,3]));  // 1","","// explain:","console.dir(svm.classify([0,2], 3));  // 0","console.dir(svm.classify([1,3], 3));  // 1","","","//continuous output:","console.dir(svm.classify([0,2], 0, true));  // -1","console.dir(svm.classify([1,3], 0, true));  // 1",""],"l":{"3":1,"5":1,"7":1,"14":1,"16":1,"17":1,"20":1,"21":1,"25":1,"26":1}},"/home/travis/build/npmtest/node-npmtest-limdu/node_modules/limdu/classifiers/svm/SvmLinearDemo.js":{"path":"/home/travis/build/npmtest/node-npmtest-limdu/node_modules/limdu/classifiers/svm/SvmLinearDemo.js","s":{"1":2,"2":2,"3":2,"4":2,"5":0,"6":0,"7":0,"8":0,"9":0,"10":0,"11":0,"12":0,"13":0,"14":0,"15":0,"16":0,"17":0},"b":{},"f":{"1":0,"2":0},"fnMap":{"1":{"name":"(anonymous_1)","line":34,"loc":{"start":{"line":34,"column":50},"end":{"line":34,"column":79}}},"2":{"name":"(anonymous_2)","line":39,"loc":{"start":{"line":39,"column":14},"end":{"line":39,"column":33}}}},"statementMap":{"1":{"start":{"line":3,"column":0},"end":{"line":3,"column":39}},"2":{"start":{"line":4,"column":0},"end":{"line":4,"column":62}},"3":{"start":{"line":6,"column":0},"end":{"line":10,"column":30}},"4":{"start":{"line":16,"column":0},"end":{"line":24,"column":2}},"5":{"start":{"line":25,"column":0},"end":{"line":25,"column":31}},"6":{"start":{"line":27,"column":0},"end":{"line":27,"column":39}},"7":{"start":{"line":28,"column":0},"end":{"line":28,"column":40}},"8":{"start":{"line":29,"column":0},"end":{"line":29,"column":40}},"9":{"start":{"line":31,"column":0},"end":{"line":31,"column":23}},"10":{"start":{"line":32,"column":0},"end":{"line":32,"column":53}},"11":{"start":{"line":34,"column":0},"end":{"line":44,"column":3}},"12":{"start":{"line":36,"column":1},"end":{"line":36,"column":28}},"13":{"start":{"line":37,"column":1},"end":{"line":37,"column":29}},"14":{"start":{"line":39,"column":1},"end":{"line":43,"column":4}},"15":{"start":{"line":40,"column":2},"end":{"line":40,"column":35}},"16":{"start":{"line":41,"column":2},"end":{"line":41,"column":23}},"17":{"start":{"line":42,"column":2},"end":{"line":42,"column":51}}},"branchMap":{},"code":["// simple demonstration of binary SVM, based on LibLinear","","var SvmLinear = require('./SvmLinear');","var partitions = require(__dirname+'/../../utils/partitions');","","var dataset = [","\t\t{input: [0,0], output: 0},","\t\t{input: [1,1], output: 0},","\t\t{input: [0,1], output: 1},","\t\t{input: [1,2], output: 1} ];","","// the separating line goes through [0,0.5] and [1,1.5]. It is:","//       0.5+x-y = 0","// or:   -1-2x+2y = 0","","var classifier = new SvmLinear(","\t{","\t\tlearn_args: \"-c 20\", ","\t\tmodel_file_prefix: \"tempfiles/SvmLinearDemo\",","\t\ttrain_command: \"liblinear_train\",","\t\ttest_command: \"liblinear_test\",","\t        multiclass: false","\t}",");","classifier.trainBatch(dataset);","","console.log(\"simple classification: \");","console.dir(classifier.classify([0,2]));  // 1","console.dir(classifier.classify([1,0]));  // 0","","console.log(\"model: \");","console.dir(classifier.mapLabelToMapFeatureToWeight);   // { '0': -1, '1': -2, '2': 2 }","","partitions.partitions(dataset.concat(dataset), 2, function(train, test, index) {","","\tconsole.log(\"fold: \"+index)","\tclassifier.trainBatch(train)","\t\t","\ttest.forEach(function(instance) {","\t\tconsole.dir(\"Classify instance:\")","\t\tconsole.dir(instance)","\t\tconsole.dir(classifier.classify(instance.input));","\t});","});"],"l":{"3":2,"4":2,"6":2,"16":2,"25":0,"27":0,"28":0,"29":0,"31":0,"32":0,"34":0,"36":0,"37":0,"39":0,"40":0,"41":0,"42":0}},"/home/travis/build/npmtest/node-npmtest-limdu/node_modules/limdu/classifiers/svm/SvmLinearMulticlassDemo.js":{"path":"/home/travis/build/npmtest/node-npmtest-limdu/node_modules/limdu/classifiers/svm/SvmLinearMulticlassDemo.js","s":{"1":2,"2":2,"3":2,"4":0,"5":0,"6":0,"7":0,"8":0,"9":0,"10":0,"11":0,"12":0,"13":0,"14":0,"15":0,"16":0,"17":0,"18":0,"19":0,"20":0,"21":0,"22":0,"23":0,"24":0,"25":0,"26":0},"b":{},"f":{},"fnMap":{},"statementMap":{"1":{"start":{"line":3,"column":0},"end":{"line":3,"column":39}},"2":{"start":{"line":5,"column":0},"end":{"line":14,"column":4}},"3":{"start":{"line":25,"column":0},"end":{"line":32,"column":2}},"4":{"start":{"line":33,"column":0},"end":{"line":33,"column":32}},"5":{"start":{"line":35,"column":0},"end":{"line":35,"column":39}},"6":{"start":{"line":36,"column":0},"end":{"line":36,"column":40}},"7":{"start":{"line":37,"column":0},"end":{"line":37,"column":42}},"8":{"start":{"line":38,"column":0},"end":{"line":38,"column":42}},"9":{"start":{"line":39,"column":0},"end":{"line":39,"column":40}},"10":{"start":{"line":41,"column":0},"end":{"line":41,"column":23}},"11":{"start":{"line":42,"column":0},"end":{"line":42,"column":53}},"12":{"start":{"line":44,"column":0},"end":{"line":44,"column":42}},"13":{"start":{"line":45,"column":0},"end":{"line":45,"column":42}},"14":{"start":{"line":46,"column":0},"end":{"line":46,"column":44}},"15":{"start":{"line":47,"column":0},"end":{"line":47,"column":44}},"16":{"start":{"line":48,"column":0},"end":{"line":48,"column":42}},"17":{"start":{"line":50,"column":0},"end":{"line":50,"column":44}},"18":{"start":{"line":51,"column":0},"end":{"line":51,"column":47}},"19":{"start":{"line":52,"column":0},"end":{"line":52,"column":49}},"20":{"start":{"line":53,"column":0},"end":{"line":53,"column":49}},"21":{"start":{"line":54,"column":0},"end":{"line":54,"column":47}},"22":{"start":{"line":56,"column":0},"end":{"line":56,"column":54}},"23":{"start":{"line":57,"column":0},"end":{"line":57,"column":47}},"24":{"start":{"line":58,"column":0},"end":{"line":58,"column":49}},"25":{"start":{"line":59,"column":0},"end":{"line":59,"column":49}},"26":{"start":{"line":60,"column":0},"end":{"line":60,"column":47}}},"branchMap":{},"code":["// simple demonstration of multiclass SVM, based on LibLinear","","var SvmLinear = require('./SvmLinear');","","var trainSet = [","\t\t{input: [0,0], output: 3},","\t\t{input: [1,1], output: 3},","\t\t","\t\t{input: [0,1], output: 4},","\t\t{input: [1,2], output: 4},","\t\t","\t\t{input: [0,2], output: 5},","\t\t{input: [1,3], output: 5},","\t\t];","","// One separating line goes through [0,0.5] and [1,1.5]. It is:","//        0.5+x-y = 0","// or:   -1-2x+2y = 0","","//Another separating line goes through [0,1.5] and [1,2.5]. It is:","//       1.5+x-y = 0","//or:   -3-2x+2y = 0","","","var classifier = new SvmLinear(","\t{","\t\tlearn_args: \"-c 20\", ","\t\tmodel_file_prefix: \"tempfiles/SvmLinearMulticlassDemo\",","\t\tmulticlass: true,","\t\tdebug: false","\t}",");","classifier.trainBatch(trainSet);","","console.log(\"simple classification: \");","console.dir(classifier.classify([1,0]));  // 3","console.dir(classifier.classify([0,1.3]));  // 4","console.dir(classifier.classify([0,1.7]));  // 5","console.dir(classifier.classify([0,3]));  // 5","","console.log(\"model: \");","console.dir(classifier.mapLabelToMapFeatureToWeight);   // { '0': -1, '1': -2, '2': 2 }","","console.log(\"explained classification: \");","console.dir(classifier.classify([1,0],3));  // 3","console.dir(classifier.classify([0,1.3],3));  // 4","console.dir(classifier.classify([0,1.7],3));  // 5","console.dir(classifier.classify([0,3],3));  // 5","","console.log(\"classification with scores: \");","console.dir(classifier.classify([1,0],0,true));  // 3","console.dir(classifier.classify([0,1.3],0,true));  // 4","console.dir(classifier.classify([0,1.7],0,true));  // 5","console.dir(classifier.classify([0,3],0,true));  // 5","","console.log(\"explained classification with scores: \");","console.dir(classifier.classify([1,0],3,true));  // 3","console.dir(classifier.classify([0,1.3],3,true));  // 4","console.dir(classifier.classify([0,1.7],3,true));  // 5","console.dir(classifier.classify([0,3],3,true));  // 5",""],"l":{"3":2,"5":2,"25":2,"33":0,"35":0,"36":0,"37":0,"38":0,"39":0,"41":0,"42":0,"44":0,"45":0,"46":0,"47":0,"48":0,"50":0,"51":0,"52":0,"53":0,"54":0,"56":0,"57":0,"58":0,"59":0,"60":0}},"/home/travis/build/npmtest/node-npmtest-limdu/node_modules/limdu/classifiers/svm/SvmPerfDemo.js":{"path":"/home/travis/build/npmtest/node-npmtest-limdu/node_modules/limdu/classifiers/svm/SvmPerfDemo.js","s":{"1":2,"2":2,"3":2,"4":0,"5":0,"6":0,"7":0,"8":0,"9":0,"10":0,"11":0},"b":{},"f":{},"fnMap":{},"statementMap":{"1":{"start":{"line":3,"column":0},"end":{"line":3,"column":35}},"2":{"start":{"line":5,"column":0},"end":{"line":9,"column":30}},"3":{"start":{"line":16,"column":0},"end":{"line":22,"column":2}},"4":{"start":{"line":23,"column":0},"end":{"line":23,"column":32}},"5":{"start":{"line":26,"column":0},"end":{"line":26,"column":40}},"6":{"start":{"line":27,"column":0},"end":{"line":27,"column":40}},"7":{"start":{"line":29,"column":0},"end":{"line":29,"column":33}},"8":{"start":{"line":32,"column":0},"end":{"line":32,"column":43}},"9":{"start":{"line":33,"column":0},"end":{"line":33,"column":43}},"10":{"start":{"line":36,"column":0},"end":{"line":36,"column":49}},"11":{"start":{"line":37,"column":0},"end":{"line":37,"column":49}}},"branchMap":{},"code":["// simple demonstration of binary SVM, based on SVM-Perf","","var SvmPerf = require('./SvmPerf');","","var trainSet = [","\t\t{input: [0,0], output: 0},","\t\t{input: [1,1], output: 0},","\t\t{input: [0,1], output: 1},","\t\t{input: [1,2], output: 1} ];","","// the separating line goes through [0,0.5] and [1,1.5]. It is:","//       0.5+x-y = 0","// or:   2y-2x-1 = 0","","","var classifier = new SvmPerf(","\t{","\t\tlearn_args: \"-c 20.0\", ","\t\tmodel_file_prefix: \"tempfiles/SvmPerfDemo\",","\t\tdebug:false","\t}",");","classifier.trainBatch(trainSet);","","// binary output:","console.dir(classifier.classify([0,2]));  // 1","console.dir(classifier.classify([1,0]));  // 0","","console.dir(classifier.modelMap);   // { '0': -1, '1': -2, '2': 2 }","","// explain:","console.dir(classifier.classify([0,2], 3));  // 1","console.dir(classifier.classify([1,0], 3));  // 0","","// continuous output:","console.dir(classifier.classify([0,2], 0, true));  // 3","console.dir(classifier.classify([1,0], 0, true));  // -3",""],"l":{"3":2,"5":2,"16":2,"23":0,"26":0,"27":0,"29":0,"32":0,"33":0,"36":0,"37":0}},"/home/travis/build/npmtest/node-npmtest-limdu/node_modules/limdu/classifiers/winnow/WinnowHashDemo.js":{"path":"/home/travis/build/npmtest/node-npmtest-limdu/node_modules/limdu/classifiers/winnow/WinnowHashDemo.js","s":{"1":1,"2":1,"3":1,"4":1,"5":1,"6":1,"7":1,"8":1,"9":1},"b":{},"f":{},"fnMap":{},"statementMap":{"1":{"start":{"line":8,"column":0},"end":{"line":8,"column":33}},"2":{"start":{"line":9,"column":0},"end":{"line":9,"column":37}},"3":{"start":{"line":11,"column":0},"end":{"line":17,"column":3}},"4":{"start":{"line":19,"column":0},"end":{"line":19,"column":44}},"5":{"start":{"line":20,"column":0},"end":{"line":20,"column":44}},"6":{"start":{"line":21,"column":0},"end":{"line":21,"column":44}},"7":{"start":{"line":23,"column":0},"end":{"line":23,"column":66}},"8":{"start":{"line":24,"column":0},"end":{"line":24,"column":66}},"9":{"start":{"line":26,"column":0},"end":{"line":26,"column":31}}},"branchMap":{},"code":["/**"," * Demonstrates the winnow classification algorithm."," * "," * @author Erel Segal-Halevi"," * @since 2013-07"," */","","console.log(\"Winnow demo start\");","var Winnow = require('./WinnowHash');","","var classifier = new Winnow({","\tdefault_positive_weight: 1,","\tdefault_negative_weight: 1,","\tthreshold: 0,","\tdo_averaging: false,","\tmargin: 1,","});","","classifier.trainOnline({'a': 1, 'b': 0}, 0);","classifier.trainOnline({'a': 0, 'b': 1}, 0);","classifier.trainOnline({'a': 0, 'b': 0}, 1);","","console.dir(classifier.classify({'a': 0, 'b': 0}, /*explain=*/1));","console.dir(classifier.classify({'a': 1, 'b': 1}, /*explain=*/3));","","console.log(\"Winnow demo end\");",""],"l":{"8":1,"9":1,"11":1,"19":1,"20":1,"21":1,"23":1,"24":1,"26":1}}}